0 info it worked if it ends with ok
1 verbose cli [ 'node',
1 verbose cli   '/usr/local/bin/npm',
1 verbose cli   'install',
1 verbose cli   '--save-dev',
1 verbose cli   'gulp-watchify' ]
2 info using npm@2.11.1
3 info using node@v0.12.4
4 verbose node symlink /usr/local/bin/node
5 verbose install initial load of /Applications/MAMP/htdocs/Demos/freestyle/package.json
6 warn package.json Freestyle-Demo@0.0.9 No repository field.
7 warn package.json Freestyle-Demo@0.0.9 No README data
8 verbose installManyTop reading scoped package data from /Applications/MAMP/htdocs/Demos/freestyle/node_modules/autoprefixer-core/package.json
9 verbose installManyTop reading scoped package data from /Applications/MAMP/htdocs/Demos/freestyle/node_modules/babelify/package.json
10 verbose installManyTop reading scoped package data from /Applications/MAMP/htdocs/Demos/freestyle/node_modules/browser-sync/package.json
11 verbose installManyTop reading scoped package data from /Applications/MAMP/htdocs/Demos/freestyle/node_modules/browserify/package.json
12 verbose installManyTop reading scoped package data from /Applications/MAMP/htdocs/Demos/freestyle/node_modules/browserify-ngannotate/package.json
13 verbose installManyTop reading scoped package data from /Applications/MAMP/htdocs/Demos/freestyle/node_modules/coffee-script/package.json
14 verbose installManyTop reading scoped package data from /Applications/MAMP/htdocs/Demos/freestyle/node_modules/debowerify/package.json
15 verbose installManyTop reading scoped package data from /Applications/MAMP/htdocs/Demos/freestyle/node_modules/del/package.json
16 verbose installManyTop reading scoped package data from /Applications/MAMP/htdocs/Demos/freestyle/node_modules/express/package.json
17 verbose installManyTop reading scoped package data from /Applications/MAMP/htdocs/Demos/freestyle/node_modules/gulp/package.json
18 verbose installManyTop reading scoped package data from /Applications/MAMP/htdocs/Demos/freestyle/node_modules/gulp-autoprefixer/package.json
19 verbose installManyTop reading scoped package data from /Applications/MAMP/htdocs/Demos/freestyle/node_modules/gulp-changed/package.json
20 verbose installManyTop reading scoped package data from /Applications/MAMP/htdocs/Demos/freestyle/node_modules/gulp-coffeeify/package.json
21 verbose installManyTop reading scoped package data from /Applications/MAMP/htdocs/Demos/freestyle/node_modules/gulp-coffeelint/package.json
22 verbose installManyTop reading scoped package data from /Applications/MAMP/htdocs/Demos/freestyle/node_modules/gulp-concat/package.json
23 verbose installManyTop reading scoped package data from /Applications/MAMP/htdocs/Demos/freestyle/node_modules/gulp-if/package.json
24 verbose installManyTop reading scoped package data from /Applications/MAMP/htdocs/Demos/freestyle/node_modules/gulp-imagemin/package.json
25 verbose installManyTop reading scoped package data from /Applications/MAMP/htdocs/Demos/freestyle/node_modules/gulp-jade/package.json
26 verbose installManyTop reading scoped package data from /Applications/MAMP/htdocs/Demos/freestyle/node_modules/gulp-jshint/package.json
27 verbose installManyTop reading scoped package data from /Applications/MAMP/htdocs/Demos/freestyle/node_modules/gulp-ng-annotate/package.json
28 verbose installManyTop reading scoped package data from /Applications/MAMP/htdocs/Demos/freestyle/node_modules/gulp-notify/package.json
29 verbose installManyTop reading scoped package data from /Applications/MAMP/htdocs/Demos/freestyle/node_modules/gulp-postcss/package.json
30 verbose installManyTop reading scoped package data from /Applications/MAMP/htdocs/Demos/freestyle/node_modules/gulp-s3/package.json
31 verbose installManyTop reading scoped package data from /Applications/MAMP/htdocs/Demos/freestyle/node_modules/gulp-sass/package.json
32 verbose installManyTop reading scoped package data from /Applications/MAMP/htdocs/Demos/freestyle/node_modules/gulp-sourcemaps/package.json
33 verbose installManyTop reading scoped package data from /Applications/MAMP/htdocs/Demos/freestyle/node_modules/gulp-streamify/package.json
34 verbose installManyTop reading scoped package data from /Applications/MAMP/htdocs/Demos/freestyle/node_modules/gulp-uglify/package.json
35 verbose installManyTop reading scoped package data from /Applications/MAMP/htdocs/Demos/freestyle/node_modules/gulp-util/package.json
36 verbose installManyTop reading scoped package data from /Applications/MAMP/htdocs/Demos/freestyle/node_modules/http/package.json
37 verbose installManyTop reading scoped package data from /Applications/MAMP/htdocs/Demos/freestyle/node_modules/jquery/package.json
38 verbose installManyTop reading scoped package data from /Applications/MAMP/htdocs/Demos/freestyle/node_modules/morgan/package.json
39 verbose installManyTop reading scoped package data from /Applications/MAMP/htdocs/Demos/freestyle/node_modules/node-bourbon/package.json
40 verbose installManyTop reading scoped package data from /Applications/MAMP/htdocs/Demos/freestyle/node_modules/run-sequence/package.json
41 verbose installManyTop reading scoped package data from /Applications/MAMP/htdocs/Demos/freestyle/node_modules/streamify/package.json
42 verbose installManyTop reading scoped package data from /Applications/MAMP/htdocs/Demos/freestyle/node_modules/vinyl-buffer/package.json
43 verbose installManyTop reading scoped package data from /Applications/MAMP/htdocs/Demos/freestyle/node_modules/vinyl-source-stream/package.json
44 verbose installManyTop reading scoped package data from /Applications/MAMP/htdocs/Demos/freestyle/node_modules/vinyl-transform/package.json
45 verbose installManyTop reading scoped package data from /Applications/MAMP/htdocs/Demos/freestyle/node_modules/watchify/package.json
46 info package.json debowerify@1.3.1 license should be a valid SPDX license expression
47 info package.json gulp-if@1.2.5 No license field.
48 info package.json gulp-s3@0.3.0 No license field.
49 info package.json gulp-notify@2.2.0 No license field.
50 info package.json gulp-streamify@1.0.0 No license field.
51 info package.json http@0.0.0 http is also the name of a node core module.
52 info package.json http@0.0.0 No description
53 info package.json http@0.0.0 No repository field.
54 info package.json jquery@2.1.4 No license field.
55 info package.json streamify@0.2.4 No license field.
56 verbose readDependencies loading dependencies from /Applications/MAMP/htdocs/Demos/freestyle/package.json
57 silly cache add args [ 'gulp-watchify', null ]
58 verbose cache add spec gulp-watchify
59 silly cache add parsed spec { raw: 'gulp-watchify',
59 silly cache add   scope: null,
59 silly cache add   name: 'gulp-watchify',
59 silly cache add   rawSpec: '',
59 silly cache add   spec: '*',
59 silly cache add   type: 'range' }
60 silly addNamed gulp-watchify@*
61 verbose addNamed "*" is a valid semver range for gulp-watchify
62 silly addNameRange { name: 'gulp-watchify', range: '*', hasData: false }
63 silly mapToRegistry name gulp-watchify
64 silly mapToRegistry using default registry
65 silly mapToRegistry registry https://registry.npmjs.org/
66 silly mapToRegistry uri https://registry.npmjs.org/gulp-watchify
67 verbose addNameRange registry:https://registry.npmjs.org/gulp-watchify not in flight; fetching
68 verbose request uri https://registry.npmjs.org/gulp-watchify
69 verbose request no auth needed
70 info attempt registry request try #1 at 9:58:24 AM
71 verbose request id 824db2b953b54fa0
72 verbose etag "DSEKB195CNOB50PQM62TTFZKA"
73 http request GET https://registry.npmjs.org/gulp-watchify
74 http 304 https://registry.npmjs.org/gulp-watchify
75 silly get cb [ 304,
75 silly get   { date: 'Thu, 13 Aug 2015 07:58:24 GMT',
75 silly get     via: '1.1 varnish',
75 silly get     'cache-control': 'max-age=60',
75 silly get     etag: '"DSEKB195CNOB50PQM62TTFZKA"',
75 silly get     age: '0',
75 silly get     connection: 'keep-alive',
75 silly get     'x-served-by': 'cache-fra1235-FRA',
75 silly get     'x-cache': 'MISS',
75 silly get     'x-cache-hits': '0',
75 silly get     'x-timer': 'S1439452704.324718,VS0,VE409',
75 silly get     vary: 'Accept' } ]
76 verbose etag https://registry.npmjs.org/gulp-watchify from cache
77 verbose get saving gulp-watchify to /Users/jamespants/.npm/registry.npmjs.org/gulp-watchify/.cache.json
78 silly addNameRange number 2 { name: 'gulp-watchify', range: '*', hasData: true }
79 silly addNameRange versions [ 'gulp-watchify',
79 silly addNameRange   [ '0.1.0', '0.2.0', '0.3.0', '0.4.0', '0.5.0' ] ]
80 silly addNamed gulp-watchify@0.5.0
81 verbose addNamed "0.5.0" is a plain semver version for gulp-watchify
82 silly cache afterAdd gulp-watchify@0.5.0
83 verbose afterAdd /Users/jamespants/.npm/gulp-watchify/0.5.0/package/package.json not in flight; writing
84 verbose afterAdd /Users/jamespants/.npm/gulp-watchify/0.5.0/package/package.json written
85 silly install resolved [ { name: 'gulp-watchify',
85 silly install resolved     version: '0.5.0',
85 silly install resolved     description: 'integrates watchify with gulp.js',
85 silly install resolved     main: 'index.js',
85 silly install resolved     scripts: { test: 'node test.js' },
85 silly install resolved     repository:
85 silly install resolved      { type: 'git',
85 silly install resolved        url: 'git+https://github.com/marcello3d/gulp-watchify.git' },
85 silly install resolved     keywords: [ 'gulpplugin', 'browserify', 'watchify', 'gulp', 'watch' ],
85 silly install resolved     author: { name: 'Marcello Bastéa-Forte' },
85 silly install resolved     license: 'zlib',
85 silly install resolved     bugs: { url: 'https://github.com/marcello3d/gulp-watchify/issues' },
85 silly install resolved     homepage: 'https://github.com/marcello3d/gulp-watchify',
85 silly install resolved     dependencies:
85 silly install resolved      { deepmerge: '^0.2.7',
85 silly install resolved        'gulp-util': '^3.0.4',
85 silly install resolved        through2: '^0.6.3' },
85 silly install resolved     peerDependencies: { browserify: '^9.0.7', watchify: '^3.1.0' },
85 silly install resolved     devDependencies:
85 silly install resolved      { brfs: '^1.4.0',
85 silly install resolved        browserify: '^9.0.7',
85 silly install resolved        gulp: '^3.8.11',
85 silly install resolved        'gulp-streamify': '0.0.5',
85 silly install resolved        'gulp-uglify': '^1.1.0',
85 silly install resolved        watchify: '^3.1.0' },
85 silly install resolved     gitHead: '0ff6362f8ad521fb357c8a6563e36e932888bea0',
85 silly install resolved     _id: 'gulp-watchify@0.5.0',
85 silly install resolved     _shasum: '73d37f6673e68ac89532ada88d35418ddf93197f',
85 silly install resolved     _from: 'gulp-watchify@*',
85 silly install resolved     _npmVersion: '2.7.0',
85 silly install resolved     _nodeVersion: '1.5.1',
85 silly install resolved     _npmUser: { name: 'marcello', email: 'marcello@cellosoft.com' },
85 silly install resolved     maintainers: [ [Object] ],
85 silly install resolved     dist:
85 silly install resolved      { shasum: '73d37f6673e68ac89532ada88d35418ddf93197f',
85 silly install resolved        tarball: 'http://registry.npmjs.org/gulp-watchify/-/gulp-watchify-0.5.0.tgz' },
85 silly install resolved     directories: {},
85 silly install resolved     _resolved: 'https://registry.npmjs.org/gulp-watchify/-/gulp-watchify-0.5.0.tgz',
85 silly install resolved     readme: 'ERROR: No README data found!' } ]
86 info install gulp-watchify@0.5.0 into /Applications/MAMP/htdocs/Demos/freestyle
87 info installOne gulp-watchify@0.5.0
88 verbose installOne of gulp-watchify to /Applications/MAMP/htdocs/Demos/freestyle not in flight; installing
89 verbose lock using /Users/jamespants/.npm/_locks/gulp-watchify-a57fe4a86313c4c2.lock for /Applications/MAMP/htdocs/Demos/freestyle/node_modules/gulp-watchify
90 silly install write writing gulp-watchify 0.5.0 to /Applications/MAMP/htdocs/Demos/freestyle/node_modules/gulp-watchify
91 verbose unbuild node_modules/gulp-watchify
92 silly gentlyRm /Applications/MAMP/htdocs/Demos/freestyle/node_modules/gulp-watchify is being purged from base /Applications/MAMP/htdocs/Demos/freestyle
93 verbose gentlyRm don't care about contents; nuking /Applications/MAMP/htdocs/Demos/freestyle/node_modules/gulp-watchify
94 verbose tar unpack /Users/jamespants/.npm/gulp-watchify/0.5.0/package.tgz
95 verbose tar unpacking to /Applications/MAMP/htdocs/Demos/freestyle/node_modules/gulp-watchify
96 silly gentlyRm /Applications/MAMP/htdocs/Demos/freestyle/node_modules/gulp-watchify is being purged
97 verbose gentlyRm don't care about contents; nuking /Applications/MAMP/htdocs/Demos/freestyle/node_modules/gulp-watchify
98 silly gunzTarPerm modes [ '755', '644' ]
99 silly gunzTarPerm extractEntry package.json
100 silly gunzTarPerm extractEntry .npmignore
101 silly gunzTarPerm extractEntry LICENSE
102 silly gunzTarPerm extractEntry test.js
103 silly gunzTarPerm extractEntry index.js
104 silly gunzTarPerm extractEntry examples/simple/gulpfile.js
105 silly gunzTarPerm extractEntry examples/simple/client/js/page1.js
106 silly gunzTarPerm extractEntry examples/simple/client/js/page2.js
107 silly gunzTarPerm extractEntry examples/simple/client/js/lib/shared.js
108 silly gunzTarPerm extractEntry examples/transforms/gulpfile.js
109 silly gunzTarPerm extractEntry examples/transforms/client/js/page1.js
110 silly gunzTarPerm extractEntry examples/transforms/client/js/page2.js
111 silly gunzTarPerm extractEntry examples/transforms/client/js/lib/shared.js
112 silly gunzTarPerm extractEntry examples/uglified/gulpfile.js
113 silly gunzTarPerm extractEntry examples/uglified/client/js/page1.js
114 silly gunzTarPerm extractEntry examples/uglified/client/js/page2.js
115 silly gunzTarPerm extractEntry examples/uglified/client/js/lib/shared.js
116 silly gunzTarPerm extractEntry .travis.yml
117 silly gunzTarPerm extractEntry HISTORY.md
118 silly gunzTarPerm extractEntry Readme.md
119 verbose write writing to /Applications/MAMP/htdocs/Demos/freestyle/node_modules/gulp-watchify/package.json
120 info preinstall gulp-watchify@0.5.0
121 verbose readDependencies loading dependencies from /Applications/MAMP/htdocs/Demos/freestyle/node_modules/gulp-watchify/package.json
122 silly prepareForInstallMany adding deepmerge@^0.2.7 from gulp-watchify dependencies
123 silly prepareForInstallMany adding through2@^0.6.3 from gulp-watchify dependencies
124 silly prepareForInstallMany adding browserify@^9.0.7 from gulp-watchify peerDependencies
125 warn peerDependencies The peer dependency browserify@^9.0.7 included from gulp-watchify will no
126 warn peerDependencies longer be automatically installed to fulfill the peerDependency
127 warn peerDependencies in npm 3+. Your application will need to depend on it explicitly.
128 verbose readDependencies loading dependencies from /Applications/MAMP/htdocs/Demos/freestyle/node_modules/gulp-watchify/package.json
129 silly cache add args [ 'deepmerge@^0.2.7', null ]
130 verbose cache add spec deepmerge@^0.2.7
131 silly cache add parsed spec { raw: 'deepmerge@^0.2.7',
131 silly cache add   scope: null,
131 silly cache add   name: 'deepmerge',
131 silly cache add   rawSpec: '^0.2.7',
131 silly cache add   spec: '>=0.2.7 <0.3.0',
131 silly cache add   type: 'range' }
132 silly addNamed deepmerge@>=0.2.7 <0.3.0
133 verbose addNamed ">=0.2.7 <0.3.0" is a valid semver range for deepmerge
134 silly addNameRange { name: 'deepmerge', range: '>=0.2.7 <0.3.0', hasData: false }
135 silly mapToRegistry name deepmerge
136 silly mapToRegistry using default registry
137 silly mapToRegistry registry https://registry.npmjs.org/
138 silly mapToRegistry uri https://registry.npmjs.org/deepmerge
139 verbose addNameRange registry:https://registry.npmjs.org/deepmerge not in flight; fetching
140 silly cache add args [ 'through2@^0.6.3', null ]
141 verbose cache add spec through2@^0.6.3
142 silly cache add parsed spec { raw: 'through2@^0.6.3',
142 silly cache add   scope: null,
142 silly cache add   name: 'through2',
142 silly cache add   rawSpec: '^0.6.3',
142 silly cache add   spec: '>=0.6.3 <0.7.0',
142 silly cache add   type: 'range' }
143 silly addNamed through2@>=0.6.3 <0.7.0
144 verbose addNamed ">=0.6.3 <0.7.0" is a valid semver range for through2
145 silly addNameRange { name: 'through2', range: '>=0.6.3 <0.7.0', hasData: false }
146 silly mapToRegistry name through2
147 silly mapToRegistry using default registry
148 silly mapToRegistry registry https://registry.npmjs.org/
149 silly mapToRegistry uri https://registry.npmjs.org/through2
150 verbose addNameRange registry:https://registry.npmjs.org/through2 not in flight; fetching
151 verbose request uri https://registry.npmjs.org/through2
152 verbose request no auth needed
153 info attempt registry request try #1 at 9:58:25 AM
154 verbose etag "6IG3LL35U3YRX9Y7XFH3DTAUH"
155 http request GET https://registry.npmjs.org/through2
156 verbose request uri https://registry.npmjs.org/deepmerge
157 verbose request no auth needed
158 info attempt registry request try #1 at 9:58:25 AM
159 verbose etag "46TSRQBX19Z2BXZ7IQ8WY09LD"
160 http request GET https://registry.npmjs.org/deepmerge
161 http 304 https://registry.npmjs.org/through2
162 silly get cb [ 304,
162 silly get   { date: 'Thu, 13 Aug 2015 07:58:25 GMT',
162 silly get     via: '1.1 varnish',
162 silly get     'cache-control': 'max-age=60',
162 silly get     etag: '"6IG3LL35U3YRX9Y7XFH3DTAUH"',
162 silly get     age: '56',
162 silly get     connection: 'keep-alive',
162 silly get     'x-served-by': 'cache-fra1246-FRA',
162 silly get     'x-cache': 'HIT',
162 silly get     'x-cache-hits': '4',
162 silly get     'x-timer': 'S1439452705.109359,VS0,VE0',
162 silly get     vary: 'Accept' } ]
163 verbose etag https://registry.npmjs.org/through2 from cache
164 verbose get saving through2 to /Users/jamespants/.npm/registry.npmjs.org/through2/.cache.json
165 http 304 https://registry.npmjs.org/deepmerge
166 silly get cb [ 304,
166 silly get   { date: 'Thu, 13 Aug 2015 07:58:25 GMT',
166 silly get     via: '1.1 varnish',
166 silly get     'cache-control': 'max-age=60',
166 silly get     etag: '"46TSRQBX19Z2BXZ7IQ8WY09LD"',
166 silly get     age: '34',
166 silly get     connection: 'keep-alive',
166 silly get     'x-served-by': 'cache-fra1242-FRA',
166 silly get     'x-cache': 'HIT',
166 silly get     'x-cache-hits': '1',
166 silly get     'x-timer': 'S1439452705.113289,VS0,VE0',
166 silly get     vary: 'Accept' } ]
167 verbose etag https://registry.npmjs.org/deepmerge from cache
168 verbose get saving deepmerge to /Users/jamespants/.npm/registry.npmjs.org/deepmerge/.cache.json
169 silly addNameRange number 2 { name: 'through2', range: '>=0.6.3 <0.7.0', hasData: true }
170 silly addNameRange versions [ 'through2',
170 silly addNameRange   [ '0.0.0',
170 silly addNameRange     '0.0.1',
170 silly addNameRange     '0.0.2',
170 silly addNameRange     '0.0.3',
170 silly addNameRange     '0.0.4',
170 silly addNameRange     '0.0.5',
170 silly addNameRange     '0.1.0',
170 silly addNameRange     '0.2.0',
170 silly addNameRange     '0.2.1',
170 silly addNameRange     '0.2.2',
170 silly addNameRange     '0.2.3',
170 silly addNameRange     '0.3.0',
170 silly addNameRange     '0.4.0',
170 silly addNameRange     '0.4.1',
170 silly addNameRange     '1.0.0',
170 silly addNameRange     '0.4.2',
170 silly addNameRange     '0.5.0',
170 silly addNameRange     '0.5.1',
170 silly addNameRange     '0.6.0',
170 silly addNameRange     '1.1.0',
170 silly addNameRange     '0.6.1',
170 silly addNameRange     '1.1.1',
170 silly addNameRange     '0.6.2',
170 silly addNameRange     '0.6.3',
170 silly addNameRange     '0.6.4',
170 silly addNameRange     '0.6.5',
170 silly addNameRange     '2.0.0' ] ]
171 silly addNamed through2@0.6.5
172 verbose addNamed "0.6.5" is a plain semver version for through2
173 silly addNameRange number 2 { name: 'deepmerge', range: '>=0.2.7 <0.3.0', hasData: true }
174 silly addNameRange versions [ 'deepmerge',
174 silly addNameRange   [ '0.0.1',
174 silly addNameRange     '0.1.0',
174 silly addNameRange     '0.2.1',
174 silly addNameRange     '0.2.4',
174 silly addNameRange     '0.2.5',
174 silly addNameRange     '0.2.6',
174 silly addNameRange     '0.2.7',
174 silly addNameRange     '0.2.10' ] ]
175 silly addNamed deepmerge@0.2.10
176 verbose addNamed "0.2.10" is a plain semver version for deepmerge
177 silly cache afterAdd through2@0.6.5
178 verbose afterAdd /Users/jamespants/.npm/through2/0.6.5/package/package.json not in flight; writing
179 silly cache afterAdd deepmerge@0.2.10
180 verbose afterAdd /Users/jamespants/.npm/deepmerge/0.2.10/package/package.json not in flight; writing
181 verbose afterAdd /Users/jamespants/.npm/through2/0.6.5/package/package.json written
182 verbose afterAdd /Users/jamespants/.npm/deepmerge/0.2.10/package/package.json written
183 silly install resolved [ { name: 'through2',
183 silly install resolved     version: '0.6.5',
183 silly install resolved     description: 'A tiny wrapper around Node streams2 Transform to avoid explicit subclassing noise',
183 silly install resolved     main: 'through2.js',
183 silly install resolved     scripts:
183 silly install resolved      { test: 'node test/test.js',
183 silly install resolved        'test-local': 'brtapsauce-local test/basic-test.js' },
183 silly install resolved     repository:
183 silly install resolved      { type: 'git',
183 silly install resolved        url: 'git+https://github.com/rvagg/through2.git' },
183 silly install resolved     keywords: [ 'stream', 'streams2', 'through', 'transform' ],
183 silly install resolved     author:
183 silly install resolved      { name: 'Rod Vagg',
183 silly install resolved        email: 'r@va.gg',
183 silly install resolved        url: 'https://github.com/rvagg' },
183 silly install resolved     license: 'MIT',
183 silly install resolved     dependencies:
183 silly install resolved      { 'readable-stream': '>=1.0.33-1 <1.1.0-0',
183 silly install resolved        xtend: '>=4.0.0 <4.1.0-0' },
183 silly install resolved     devDependencies:
183 silly install resolved      { bl: '>=0.9.0 <0.10.0-0',
183 silly install resolved        'stream-spigot': '>=3.0.4 <3.1.0-0',
183 silly install resolved        tape: '>=2.14.0 <2.15.0-0' },
183 silly install resolved     gitHead: 'ba4a87875f2c82323c10023e36f4ae4b386c1bf8',
183 silly install resolved     bugs: { url: 'https://github.com/rvagg/through2/issues' },
183 silly install resolved     homepage: 'https://github.com/rvagg/through2',
183 silly install resolved     _id: 'through2@0.6.5',
183 silly install resolved     _shasum: '41ab9c67b29d57209071410e1d7a7a968cd3ad48',
183 silly install resolved     _from: 'through2@>=0.6.3 <0.7.0',
183 silly install resolved     _npmVersion: '1.4.28',
183 silly install resolved     _npmUser: { name: 'bryce', email: 'bryce@ravenwall.com' },
183 silly install resolved     maintainers: [ [Object], [Object] ],
183 silly install resolved     dist:
183 silly install resolved      { shasum: '41ab9c67b29d57209071410e1d7a7a968cd3ad48',
183 silly install resolved        tarball: 'http://registry.npmjs.org/through2/-/through2-0.6.5.tgz' },
183 silly install resolved     directories: {},
183 silly install resolved     _resolved: 'https://registry.npmjs.org/through2/-/through2-0.6.5.tgz',
183 silly install resolved     readme: 'ERROR: No README data found!' },
183 silly install resolved   { author: { name: 'Nick Fisher' },
183 silly install resolved     name: 'deepmerge',
183 silly install resolved     description: 'A library for deep (recursive) merging of Javascript objects',
183 silly install resolved     version: '0.2.10',
183 silly install resolved     homepage: 'https://github.com/nrf110/deepmerge',
183 silly install resolved     repository: { type: 'git', url: 'git://github.com/nrf110/deepmerge.git' },
183 silly install resolved     main: 'index',
183 silly install resolved     engines: { node: '>=0.4.0' },
183 silly install resolved     scripts: { test: 'tap test/*.js' },
183 silly install resolved     dependencies: {},
183 silly install resolved     devDependencies: { tap: '~0.4.8' },
183 silly install resolved     license: 'MIT',
183 silly install resolved     gitHead: '2383571036c1d2f3b6db0b4342859867920a0084',
183 silly install resolved     bugs: { url: 'https://github.com/nrf110/deepmerge/issues' },
183 silly install resolved     _id: 'deepmerge@0.2.10',
183 silly install resolved     _shasum: '8906bf9e525a4fbf1b203b2afcb4640249821219',
183 silly install resolved     _from: 'deepmerge@>=0.2.7 <0.3.0',
183 silly install resolved     _npmVersion: '2.9.0',
183 silly install resolved     _nodeVersion: '0.10.35',
183 silly install resolved     _npmUser: { name: 'kylemathews', email: 'mathews.kyle@gmail.com' },
183 silly install resolved     maintainers: [ [Object], [Object] ],
183 silly install resolved     dist:
183 silly install resolved      { shasum: '8906bf9e525a4fbf1b203b2afcb4640249821219',
183 silly install resolved        tarball: 'http://registry.npmjs.org/deepmerge/-/deepmerge-0.2.10.tgz' },
183 silly install resolved     directories: {},
183 silly install resolved     _resolved: 'https://registry.npmjs.org/deepmerge/-/deepmerge-0.2.10.tgz',
183 silly install resolved     readme: 'ERROR: No README data found!' } ]
184 info install through2@0.6.5 into /Applications/MAMP/htdocs/Demos/freestyle/node_modules/gulp-watchify
185 info install deepmerge@0.2.10 into /Applications/MAMP/htdocs/Demos/freestyle/node_modules/gulp-watchify
186 info installOne through2@0.6.5
187 verbose installOne of through2 to /Applications/MAMP/htdocs/Demos/freestyle/node_modules/gulp-watchify not in flight; installing
188 info installOne deepmerge@0.2.10
189 verbose installOne of deepmerge to /Applications/MAMP/htdocs/Demos/freestyle/node_modules/gulp-watchify not in flight; installing
190 verbose lock using /Users/jamespants/.npm/_locks/through2-acd02e5bd0c6cb12.lock for /Applications/MAMP/htdocs/Demos/freestyle/node_modules/gulp-watchify/node_modules/through2
191 silly install write writing through2 0.6.5 to /Applications/MAMP/htdocs/Demos/freestyle/node_modules/gulp-watchify/node_modules/through2
192 verbose lock using /Users/jamespants/.npm/_locks/deepmerge-81d6dacb10b70223.lock for /Applications/MAMP/htdocs/Demos/freestyle/node_modules/gulp-watchify/node_modules/deepmerge
193 silly install write writing deepmerge 0.2.10 to /Applications/MAMP/htdocs/Demos/freestyle/node_modules/gulp-watchify/node_modules/deepmerge
194 verbose unbuild node_modules/gulp-watchify/node_modules/through2
195 verbose unbuild node_modules/gulp-watchify/node_modules/deepmerge
196 silly gentlyRm /Applications/MAMP/htdocs/Demos/freestyle/node_modules/gulp-watchify/node_modules/through2 is being purged from base /Applications/MAMP/htdocs/Demos/freestyle
197 verbose gentlyRm don't care about contents; nuking /Applications/MAMP/htdocs/Demos/freestyle/node_modules/gulp-watchify/node_modules/through2
198 verbose tar unpack /Users/jamespants/.npm/through2/0.6.5/package.tgz
199 verbose tar unpacking to /Applications/MAMP/htdocs/Demos/freestyle/node_modules/gulp-watchify/node_modules/through2
200 silly gentlyRm /Applications/MAMP/htdocs/Demos/freestyle/node_modules/gulp-watchify/node_modules/through2 is being purged
201 verbose gentlyRm don't care about contents; nuking /Applications/MAMP/htdocs/Demos/freestyle/node_modules/gulp-watchify/node_modules/through2
202 silly gentlyRm /Applications/MAMP/htdocs/Demos/freestyle/node_modules/gulp-watchify/node_modules/deepmerge is being purged from base /Applications/MAMP/htdocs/Demos/freestyle
203 verbose gentlyRm don't care about contents; nuking /Applications/MAMP/htdocs/Demos/freestyle/node_modules/gulp-watchify/node_modules/deepmerge
204 silly gunzTarPerm modes [ '755', '644' ]
205 verbose tar unpack /Users/jamespants/.npm/deepmerge/0.2.10/package.tgz
206 verbose tar unpacking to /Applications/MAMP/htdocs/Demos/freestyle/node_modules/gulp-watchify/node_modules/deepmerge
207 silly gentlyRm /Applications/MAMP/htdocs/Demos/freestyle/node_modules/gulp-watchify/node_modules/deepmerge is being purged
208 verbose gentlyRm don't care about contents; nuking /Applications/MAMP/htdocs/Demos/freestyle/node_modules/gulp-watchify/node_modules/deepmerge
209 silly gunzTarPerm modes [ '755', '644' ]
210 silly gunzTarPerm extractEntry package.json
211 silly gunzTarPerm modified mode [ 'package.json', 436, 420 ]
212 silly gunzTarPerm extractEntry package.json
213 silly gunzTarPerm extractEntry .npmignore
214 silly gunzTarPerm modified mode [ '.npmignore', 436, 420 ]
215 silly gunzTarPerm extractEntry README.md
216 silly gunzTarPerm modified mode [ 'README.md', 436, 420 ]
217 silly gunzTarPerm extractEntry .npmignore
218 silly gunzTarPerm extractEntry index.js
219 silly gunzTarPerm extractEntry LICENSE
220 silly gunzTarPerm modified mode [ 'LICENSE', 436, 420 ]
221 silly gunzTarPerm extractEntry through2.js
222 silly gunzTarPerm modified mode [ 'through2.js', 436, 420 ]
223 silly gunzTarPerm extractEntry README.markdown
224 silly gunzTarPerm extractEntry bower.json
225 silly gunzTarPerm extractEntry example/merge.js
226 silly gunzTarPerm extractEntry license.txt
227 silly gunzTarPerm extractEntry test/merge.js
228 verbose write writing to /Applications/MAMP/htdocs/Demos/freestyle/node_modules/gulp-watchify/node_modules/through2/package.json
229 info preinstall through2@0.6.5
230 verbose readDependencies loading dependencies from /Applications/MAMP/htdocs/Demos/freestyle/node_modules/gulp-watchify/node_modules/through2/package.json
231 silly prepareForInstallMany adding readable-stream@>=1.0.33-1 <1.1.0-0 from through2 dependencies
232 silly prepareForInstallMany adding xtend@>=4.0.0 <4.1.0-0 from through2 dependencies
233 verbose readDependencies loading dependencies from /Applications/MAMP/htdocs/Demos/freestyle/node_modules/gulp-watchify/node_modules/through2/package.json
234 silly cache add args [ 'readable-stream@>=1.0.33-1 <1.1.0-0', null ]
235 verbose cache add spec readable-stream@>=1.0.33-1 <1.1.0-0
236 silly cache add args [ 'xtend@>=4.0.0 <4.1.0-0', null ]
237 verbose cache add spec xtend@>=4.0.0 <4.1.0-0
238 silly cache add parsed spec { raw: 'readable-stream@>=1.0.33-1 <1.1.0-0',
238 silly cache add   scope: null,
238 silly cache add   name: 'readable-stream',
238 silly cache add   rawSpec: '>=1.0.33-1 <1.1.0-0',
238 silly cache add   spec: '>=1.0.33-1 <1.1.0-0',
238 silly cache add   type: 'range' }
239 silly addNamed readable-stream@>=1.0.33-1 <1.1.0-0
240 verbose addNamed ">=1.0.33-1 <1.1.0-0" is a valid semver range for readable-stream
241 silly addNameRange { name: 'readable-stream',
241 silly addNameRange   range: '>=1.0.33-1 <1.1.0-0',
241 silly addNameRange   hasData: false }
242 silly mapToRegistry name readable-stream
243 silly mapToRegistry using default registry
244 silly mapToRegistry registry https://registry.npmjs.org/
245 silly mapToRegistry uri https://registry.npmjs.org/readable-stream
246 verbose addNameRange registry:https://registry.npmjs.org/readable-stream not in flight; fetching
247 silly cache add parsed spec { raw: 'xtend@>=4.0.0 <4.1.0-0',
247 silly cache add   scope: null,
247 silly cache add   name: 'xtend',
247 silly cache add   rawSpec: '>=4.0.0 <4.1.0-0',
247 silly cache add   spec: '>=4.0.0 <4.1.0-0',
247 silly cache add   type: 'range' }
248 silly addNamed xtend@>=4.0.0 <4.1.0-0
249 verbose addNamed ">=4.0.0 <4.1.0-0" is a valid semver range for xtend
250 silly addNameRange { name: 'xtend', range: '>=4.0.0 <4.1.0-0', hasData: false }
251 silly mapToRegistry name xtend
252 silly mapToRegistry using default registry
253 silly mapToRegistry registry https://registry.npmjs.org/
254 silly mapToRegistry uri https://registry.npmjs.org/xtend
255 verbose addNameRange registry:https://registry.npmjs.org/xtend not in flight; fetching
256 verbose write writing to /Applications/MAMP/htdocs/Demos/freestyle/node_modules/gulp-watchify/node_modules/deepmerge/package.json
257 verbose request uri https://registry.npmjs.org/xtend
258 verbose request no auth needed
259 info attempt registry request try #1 at 9:58:25 AM
260 verbose etag "144GHFNWHYKUBO35EOCM4S95T"
261 http request GET https://registry.npmjs.org/xtend
262 verbose request uri https://registry.npmjs.org/readable-stream
263 verbose request no auth needed
264 info attempt registry request try #1 at 9:58:25 AM
265 verbose etag "ATS5UC3IPKWZK67IHNRTSSRTY"
266 http request GET https://registry.npmjs.org/readable-stream
267 info preinstall deepmerge@0.2.10
268 verbose readDependencies loading dependencies from /Applications/MAMP/htdocs/Demos/freestyle/node_modules/gulp-watchify/node_modules/deepmerge/package.json
269 verbose readDependencies loading dependencies from /Applications/MAMP/htdocs/Demos/freestyle/node_modules/gulp-watchify/node_modules/deepmerge/package.json
270 silly install resolved []
271 verbose about to build /Applications/MAMP/htdocs/Demos/freestyle/node_modules/gulp-watchify/node_modules/deepmerge
272 info build /Applications/MAMP/htdocs/Demos/freestyle/node_modules/gulp-watchify/node_modules/deepmerge
273 info linkStuff deepmerge@0.2.10
274 silly linkStuff deepmerge@0.2.10 has /Applications/MAMP/htdocs/Demos/freestyle/node_modules/gulp-watchify/node_modules as its parent node_modules
275 verbose linkBins deepmerge@0.2.10
276 verbose linkMans deepmerge@0.2.10
277 verbose rebuildBundles deepmerge@0.2.10
278 info install deepmerge@0.2.10
279 info postinstall deepmerge@0.2.10
280 verbose unlock done using /Users/jamespants/.npm/_locks/deepmerge-81d6dacb10b70223.lock for /Applications/MAMP/htdocs/Demos/freestyle/node_modules/gulp-watchify/node_modules/deepmerge
281 http 304 https://registry.npmjs.org/readable-stream
282 silly get cb [ 304,
282 silly get   { date: 'Thu, 13 Aug 2015 07:58:25 GMT',
282 silly get     via: '1.1 varnish',
282 silly get     'cache-control': 'max-age=60',
282 silly get     etag: '"ATS5UC3IPKWZK67IHNRTSSRTY"',
282 silly get     age: '57',
282 silly get     connection: 'keep-alive',
282 silly get     'x-served-by': 'cache-fra1228-FRA',
282 silly get     'x-cache': 'HIT',
282 silly get     'x-cache-hits': '12',
282 silly get     'x-timer': 'S1439452705.240936,VS0,VE0',
282 silly get     vary: 'Accept' } ]
283 verbose etag https://registry.npmjs.org/readable-stream from cache
284 verbose get saving readable-stream to /Users/jamespants/.npm/registry.npmjs.org/readable-stream/.cache.json
285 http 304 https://registry.npmjs.org/xtend
286 silly get cb [ 304,
286 silly get   { date: 'Thu, 13 Aug 2015 07:58:25 GMT',
286 silly get     via: '1.1 varnish',
286 silly get     'cache-control': 'max-age=60',
286 silly get     etag: '"144GHFNWHYKUBO35EOCM4S95T"',
286 silly get     age: '12',
286 silly get     connection: 'keep-alive',
286 silly get     'x-served-by': 'cache-fra1241-FRA',
286 silly get     'x-cache': 'HIT',
286 silly get     'x-cache-hits': '3',
286 silly get     'x-timer': 'S1439452705.239938,VS0,VE0',
286 silly get     vary: 'Accept' } ]
287 verbose etag https://registry.npmjs.org/xtend from cache
288 verbose get saving xtend to /Users/jamespants/.npm/registry.npmjs.org/xtend/.cache.json
289 silly addNameRange number 2 { name: 'readable-stream',
289 silly addNameRange   range: '>=1.0.33-1 <1.1.0-0',
289 silly addNameRange   hasData: true }
290 silly addNameRange versions [ 'readable-stream',
290 silly addNameRange   [ '0.0.1',
290 silly addNameRange     '0.0.2',
290 silly addNameRange     '0.0.3',
290 silly addNameRange     '0.0.4',
290 silly addNameRange     '0.1.0',
290 silly addNameRange     '0.2.0',
290 silly addNameRange     '0.3.0',
290 silly addNameRange     '0.3.1',
290 silly addNameRange     '1.0.0',
290 silly addNameRange     '1.0.1',
290 silly addNameRange     '1.0.2',
290 silly addNameRange     '1.0.15',
290 silly addNameRange     '1.0.17',
290 silly addNameRange     '1.1.7',
290 silly addNameRange     '1.1.8',
290 silly addNameRange     '1.1.9',
290 silly addNameRange     '1.0.24',
290 silly addNameRange     '1.0.25',
290 silly addNameRange     '1.1.10',
290 silly addNameRange     '1.0.25-1',
290 silly addNameRange     '1.1.11',
290 silly addNameRange     '1.0.26',
290 silly addNameRange     '1.0.26-1',
290 silly addNameRange     '1.1.11-1',
290 silly addNameRange     '1.0.26-2',
290 silly addNameRange     '1.1.12',
290 silly addNameRange     '1.0.26-3',
290 silly addNameRange     '1.0.26-4',
290 silly addNameRange     '1.1.12-1',
290 silly addNameRange     '1.0.27-1',
290 silly addNameRange     '1.1.13-1',
290 silly addNameRange     '1.0.31',
290 silly addNameRange     '1.1.13',
290 silly addNameRange     '1.0.32',
290 silly addNameRange     '1.0.32-1',
290 silly addNameRange     '1.0.33-1',
290 silly addNameRange     '1.0.33-2',
290 silly addNameRange     '1.0.33',
290 silly addNameRange     '2.0.0',
290 silly addNameRange     '2.0.1',
290 silly addNameRange     '2.0.2' ] ]
291 silly addNamed readable-stream@1.0.33
292 verbose addNamed "1.0.33" is a plain semver version for readable-stream
293 silly addNameRange number 2 { name: 'xtend', range: '>=4.0.0 <4.1.0-0', hasData: true }
294 silly addNameRange versions [ 'xtend',
294 silly addNameRange   [ '1.0.0',
294 silly addNameRange     '1.0.1',
294 silly addNameRange     '1.0.2',
294 silly addNameRange     '1.0.3',
294 silly addNameRange     '2.0.1',
294 silly addNameRange     '2.0.2',
294 silly addNameRange     '2.0.3',
294 silly addNameRange     '2.0.4',
294 silly addNameRange     '2.0.5',
294 silly addNameRange     '2.0.6',
294 silly addNameRange     '2.1.1',
294 silly addNameRange     '2.1.2',
294 silly addNameRange     '2.2.0',
294 silly addNameRange     '3.0.0',
294 silly addNameRange     '4.0.0' ] ]
295 silly addNamed xtend@4.0.0
296 verbose addNamed "4.0.0" is a plain semver version for xtend
297 silly cache afterAdd readable-stream@1.0.33
298 verbose afterAdd /Users/jamespants/.npm/readable-stream/1.0.33/package/package.json not in flight; writing
299 silly cache afterAdd xtend@4.0.0
300 verbose afterAdd /Users/jamespants/.npm/xtend/4.0.0/package/package.json not in flight; writing
301 verbose afterAdd /Users/jamespants/.npm/readable-stream/1.0.33/package/package.json written
302 verbose afterAdd /Users/jamespants/.npm/xtend/4.0.0/package/package.json written
303 silly install resolved [ { name: 'readable-stream',
303 silly install resolved     version: '1.0.33',
303 silly install resolved     description: 'Streams2, a user-land copy of the stream library from Node.js v0.10.x',
303 silly install resolved     main: 'readable.js',
303 silly install resolved     dependencies:
303 silly install resolved      { 'core-util-is': '~1.0.0',
303 silly install resolved        isarray: '0.0.1',
303 silly install resolved        string_decoder: '~0.10.x',
303 silly install resolved        inherits: '~2.0.1' },
303 silly install resolved     devDependencies: { tap: '~0.2.6' },
303 silly install resolved     scripts: { test: 'tap test/simple/*.js' },
303 silly install resolved     repository:
303 silly install resolved      { type: 'git',
303 silly install resolved        url: 'git://github.com/isaacs/readable-stream.git' },
303 silly install resolved     keywords: [ 'readable', 'stream', 'pipe' ],
303 silly install resolved     browser: { util: false },
303 silly install resolved     author:
303 silly install resolved      { name: 'Isaac Z. Schlueter',
303 silly install resolved        email: 'i@izs.me',
303 silly install resolved        url: 'http://blog.izs.me/' },
303 silly install resolved     license: 'MIT',
303 silly install resolved     gitHead: '0bf97a117c5646556548966409ebc57a6dda2638',
303 silly install resolved     bugs: { url: 'https://github.com/isaacs/readable-stream/issues' },
303 silly install resolved     homepage: 'https://github.com/isaacs/readable-stream',
303 silly install resolved     _id: 'readable-stream@1.0.33',
303 silly install resolved     _shasum: '3a360dd66c1b1d7fd4705389860eda1d0f61126c',
303 silly install resolved     _from: 'readable-stream@>=1.0.33-1 <1.1.0-0',
303 silly install resolved     _npmVersion: '1.4.28',
303 silly install resolved     _npmUser: { name: 'rvagg', email: 'rod@vagg.org' },
303 silly install resolved     maintainers: [ [Object], [Object], [Object] ],
303 silly install resolved     dist:
303 silly install resolved      { shasum: '3a360dd66c1b1d7fd4705389860eda1d0f61126c',
303 silly install resolved        tarball: 'http://registry.npmjs.org/readable-stream/-/readable-stream-1.0.33.tgz' },
303 silly install resolved     directories: {},
303 silly install resolved     _resolved: 'https://registry.npmjs.org/readable-stream/-/readable-stream-1.0.33.tgz',
303 silly install resolved     readme: 'ERROR: No README data found!' },
303 silly install resolved   { name: 'xtend',
303 silly install resolved     version: '4.0.0',
303 silly install resolved     description: 'extend like a boss',
303 silly install resolved     keywords: [ 'extend', 'merge', 'options', 'opts', 'object', 'array' ],
303 silly install resolved     author: { name: 'Raynos', email: 'raynos2@gmail.com' },
303 silly install resolved     repository: { type: 'git', url: 'git://github.com/Raynos/xtend.git' },
303 silly install resolved     main: 'immutable',
303 silly install resolved     scripts: { test: 'node test' },
303 silly install resolved     dependencies: {},
303 silly install resolved     devDependencies: { tape: '~1.1.0' },
303 silly install resolved     homepage: 'https://github.com/Raynos/xtend',
303 silly install resolved     contributors: [ [Object], [Object] ],
303 silly install resolved     bugs:
303 silly install resolved      { url: 'https://github.com/Raynos/xtend/issues',
303 silly install resolved        email: 'raynos2@gmail.com' },
303 silly install resolved     licenses: [ [Object] ],
303 silly install resolved     testling: { files: 'test.js', browsers: [Object] },
303 silly install resolved     engines: { node: '>=0.4' },
303 silly install resolved     gitHead: '94a95d76154103290533b2c55ffa0fe4be16bfef',
303 silly install resolved     _id: 'xtend@4.0.0',
303 silly install resolved     _shasum: '8bc36ff87aedbe7ce9eaf0bca36b2354a743840f',
303 silly install resolved     _from: 'xtend@>=4.0.0 <4.1.0-0',
303 silly install resolved     _npmVersion: '1.4.15',
303 silly install resolved     _npmUser: { name: 'raynos', email: 'raynos2@gmail.com' },
303 silly install resolved     maintainers: [ [Object] ],
303 silly install resolved     dist:
303 silly install resolved      { shasum: '8bc36ff87aedbe7ce9eaf0bca36b2354a743840f',
303 silly install resolved        tarball: 'http://registry.npmjs.org/xtend/-/xtend-4.0.0.tgz' },
303 silly install resolved     directories: {},
303 silly install resolved     _resolved: 'https://registry.npmjs.org/xtend/-/xtend-4.0.0.tgz',
303 silly install resolved     readme: 'ERROR: No README data found!' } ]
304 info install readable-stream@1.0.33 into /Applications/MAMP/htdocs/Demos/freestyle/node_modules/gulp-watchify/node_modules/through2
305 info install xtend@4.0.0 into /Applications/MAMP/htdocs/Demos/freestyle/node_modules/gulp-watchify/node_modules/through2
306 info installOne readable-stream@1.0.33
307 verbose installOne of readable-stream to /Applications/MAMP/htdocs/Demos/freestyle/node_modules/gulp-watchify/node_modules/through2 not in flight; installing
308 info installOne xtend@4.0.0
309 verbose installOne of xtend to /Applications/MAMP/htdocs/Demos/freestyle/node_modules/gulp-watchify/node_modules/through2 not in flight; installing
310 verbose lock using /Users/jamespants/.npm/_locks/readable-stream-a7aff73d8f7d4afb.lock for /Applications/MAMP/htdocs/Demos/freestyle/node_modules/gulp-watchify/node_modules/through2/node_modules/readable-stream
311 silly install write writing readable-stream 1.0.33 to /Applications/MAMP/htdocs/Demos/freestyle/node_modules/gulp-watchify/node_modules/through2/node_modules/readable-stream
312 verbose lock using /Users/jamespants/.npm/_locks/xtend-660e38b180174c83.lock for /Applications/MAMP/htdocs/Demos/freestyle/node_modules/gulp-watchify/node_modules/through2/node_modules/xtend
313 silly install write writing xtend 4.0.0 to /Applications/MAMP/htdocs/Demos/freestyle/node_modules/gulp-watchify/node_modules/through2/node_modules/xtend
314 verbose unbuild node_modules/gulp-watchify/node_modules/through2/node_modules/readable-stream
315 verbose unbuild node_modules/gulp-watchify/node_modules/through2/node_modules/xtend
316 silly gentlyRm /Applications/MAMP/htdocs/Demos/freestyle/node_modules/gulp-watchify/node_modules/through2/node_modules/readable-stream is being purged from base /Applications/MAMP/htdocs/Demos/freestyle
317 verbose gentlyRm don't care about contents; nuking /Applications/MAMP/htdocs/Demos/freestyle/node_modules/gulp-watchify/node_modules/through2/node_modules/readable-stream
318 verbose tar unpack /Users/jamespants/.npm/readable-stream/1.0.33/package.tgz
319 verbose tar unpacking to /Applications/MAMP/htdocs/Demos/freestyle/node_modules/gulp-watchify/node_modules/through2/node_modules/readable-stream
320 silly gentlyRm /Applications/MAMP/htdocs/Demos/freestyle/node_modules/gulp-watchify/node_modules/through2/node_modules/readable-stream is being purged
321 verbose gentlyRm don't care about contents; nuking /Applications/MAMP/htdocs/Demos/freestyle/node_modules/gulp-watchify/node_modules/through2/node_modules/readable-stream
322 silly gentlyRm /Applications/MAMP/htdocs/Demos/freestyle/node_modules/gulp-watchify/node_modules/through2/node_modules/xtend is being purged from base /Applications/MAMP/htdocs/Demos/freestyle
323 verbose gentlyRm don't care about contents; nuking /Applications/MAMP/htdocs/Demos/freestyle/node_modules/gulp-watchify/node_modules/through2/node_modules/xtend
324 silly gunzTarPerm modes [ '755', '644' ]
325 verbose tar unpack /Users/jamespants/.npm/xtend/4.0.0/package.tgz
326 verbose tar unpacking to /Applications/MAMP/htdocs/Demos/freestyle/node_modules/gulp-watchify/node_modules/through2/node_modules/xtend
327 silly gentlyRm /Applications/MAMP/htdocs/Demos/freestyle/node_modules/gulp-watchify/node_modules/through2/node_modules/xtend is being purged
328 verbose gentlyRm don't care about contents; nuking /Applications/MAMP/htdocs/Demos/freestyle/node_modules/gulp-watchify/node_modules/through2/node_modules/xtend
329 silly gunzTarPerm modes [ '755', '644' ]
330 silly gunzTarPerm extractEntry package.json
331 silly gunzTarPerm extractEntry package.json
332 silly gunzTarPerm modified mode [ 'package.json', 436, 420 ]
333 silly gunzTarPerm extractEntry .npmignore
334 silly gunzTarPerm extractEntry README.md
335 silly gunzTarPerm extractEntry .npmignore
336 silly gunzTarPerm modified mode [ '.npmignore', 436, 420 ]
337 silly gunzTarPerm extractEntry README.md
338 silly gunzTarPerm modified mode [ 'README.md', 436, 420 ]
339 silly gunzTarPerm extractEntry LICENCE
340 silly gunzTarPerm modified mode [ 'LICENCE', 436, 420 ]
341 silly gunzTarPerm extractEntry immutable.js
342 silly gunzTarPerm modified mode [ 'immutable.js', 436, 420 ]
343 silly gunzTarPerm extractEntry LICENSE
344 silly gunzTarPerm extractEntry duplex.js
345 silly gunzTarPerm extractEntry mutable.js
346 silly gunzTarPerm modified mode [ 'mutable.js', 436, 420 ]
347 silly gunzTarPerm extractEntry test.js
348 silly gunzTarPerm modified mode [ 'test.js', 436, 420 ]
349 silly gunzTarPerm extractEntry writable.js
350 silly gunzTarPerm extractEntry passthrough.js
351 silly gunzTarPerm extractEntry .jshintrc
352 silly gunzTarPerm modified mode [ '.jshintrc', 436, 420 ]
353 silly gunzTarPerm extractEntry Makefile
354 silly gunzTarPerm modified mode [ 'Makefile', 436, 420 ]
355 silly gunzTarPerm extractEntry readable.js
356 silly gunzTarPerm extractEntry transform.js
357 silly gunzTarPerm extractEntry lib/_stream_duplex.js
358 silly gunzTarPerm extractEntry lib/_stream_passthrough.js
359 silly gunzTarPerm extractEntry lib/_stream_readable.js
360 silly gunzTarPerm extractEntry lib/_stream_transform.js
361 silly gunzTarPerm extractEntry lib/_stream_writable.js
362 verbose write writing to /Applications/MAMP/htdocs/Demos/freestyle/node_modules/gulp-watchify/node_modules/through2/node_modules/xtend/package.json
363 info preinstall xtend@4.0.0
364 verbose readDependencies loading dependencies from /Applications/MAMP/htdocs/Demos/freestyle/node_modules/gulp-watchify/node_modules/through2/node_modules/xtend/package.json
365 verbose readDependencies loading dependencies from /Applications/MAMP/htdocs/Demos/freestyle/node_modules/gulp-watchify/node_modules/through2/node_modules/xtend/package.json
366 silly install resolved []
367 verbose about to build /Applications/MAMP/htdocs/Demos/freestyle/node_modules/gulp-watchify/node_modules/through2/node_modules/xtend
368 info build /Applications/MAMP/htdocs/Demos/freestyle/node_modules/gulp-watchify/node_modules/through2/node_modules/xtend
369 info linkStuff xtend@4.0.0
370 silly linkStuff xtend@4.0.0 has /Applications/MAMP/htdocs/Demos/freestyle/node_modules/gulp-watchify/node_modules/through2/node_modules as its parent node_modules
371 verbose linkBins xtend@4.0.0
372 verbose linkMans xtend@4.0.0
373 verbose rebuildBundles xtend@4.0.0
374 info install xtend@4.0.0
375 info postinstall xtend@4.0.0
376 verbose unlock done using /Users/jamespants/.npm/_locks/xtend-660e38b180174c83.lock for /Applications/MAMP/htdocs/Demos/freestyle/node_modules/gulp-watchify/node_modules/through2/node_modules/xtend
377 verbose write writing to /Applications/MAMP/htdocs/Demos/freestyle/node_modules/gulp-watchify/node_modules/through2/node_modules/readable-stream/package.json
378 info preinstall readable-stream@1.0.33
379 verbose readDependencies loading dependencies from /Applications/MAMP/htdocs/Demos/freestyle/node_modules/gulp-watchify/node_modules/through2/node_modules/readable-stream/package.json
380 silly prepareForInstallMany adding core-util-is@~1.0.0 from readable-stream dependencies
381 silly prepareForInstallMany adding isarray@0.0.1 from readable-stream dependencies
382 silly prepareForInstallMany adding string_decoder@~0.10.x from readable-stream dependencies
383 silly prepareForInstallMany adding inherits@~2.0.1 from readable-stream dependencies
384 verbose readDependencies loading dependencies from /Applications/MAMP/htdocs/Demos/freestyle/node_modules/gulp-watchify/node_modules/through2/node_modules/readable-stream/package.json
385 silly cache add args [ 'core-util-is@~1.0.0', null ]
386 verbose cache add spec core-util-is@~1.0.0
387 silly cache add args [ 'isarray@0.0.1', null ]
388 verbose cache add spec isarray@0.0.1
389 silly cache add parsed spec { raw: 'core-util-is@~1.0.0',
389 silly cache add   scope: null,
389 silly cache add   name: 'core-util-is',
389 silly cache add   rawSpec: '~1.0.0',
389 silly cache add   spec: '>=1.0.0 <1.1.0',
389 silly cache add   type: 'range' }
390 silly addNamed core-util-is@>=1.0.0 <1.1.0
391 verbose addNamed ">=1.0.0 <1.1.0" is a valid semver range for core-util-is
392 silly addNameRange { name: 'core-util-is', range: '>=1.0.0 <1.1.0', hasData: false }
393 silly mapToRegistry name core-util-is
394 silly mapToRegistry using default registry
395 silly mapToRegistry registry https://registry.npmjs.org/
396 silly mapToRegistry uri https://registry.npmjs.org/core-util-is
397 verbose addNameRange registry:https://registry.npmjs.org/core-util-is not in flight; fetching
398 silly cache add parsed spec { raw: 'isarray@0.0.1',
398 silly cache add   scope: null,
398 silly cache add   name: 'isarray',
398 silly cache add   rawSpec: '0.0.1',
398 silly cache add   spec: '0.0.1',
398 silly cache add   type: 'version' }
399 silly addNamed isarray@0.0.1
400 verbose addNamed "0.0.1" is a plain semver version for isarray
401 silly mapToRegistry name isarray
402 silly mapToRegistry using default registry
403 silly mapToRegistry registry https://registry.npmjs.org/
404 silly mapToRegistry uri https://registry.npmjs.org/isarray
405 verbose addNameVersion registry:https://registry.npmjs.org/isarray not in flight; fetching
406 silly cache add args [ 'string_decoder@~0.10.x', null ]
407 verbose cache add spec string_decoder@~0.10.x
408 silly cache add parsed spec { raw: 'string_decoder@~0.10.x',
408 silly cache add   scope: null,
408 silly cache add   name: 'string_decoder',
408 silly cache add   rawSpec: '~0.10.x',
408 silly cache add   spec: '>=0.10.0 <0.11.0',
408 silly cache add   type: 'range' }
409 silly addNamed string_decoder@>=0.10.0 <0.11.0
410 verbose addNamed ">=0.10.0 <0.11.0" is a valid semver range for string_decoder
411 silly addNameRange { name: 'string_decoder',
411 silly addNameRange   range: '>=0.10.0 <0.11.0',
411 silly addNameRange   hasData: false }
412 silly mapToRegistry name string_decoder
413 silly mapToRegistry using default registry
414 silly mapToRegistry registry https://registry.npmjs.org/
415 silly mapToRegistry uri https://registry.npmjs.org/string_decoder
416 verbose addNameRange registry:https://registry.npmjs.org/string_decoder not in flight; fetching
417 silly cache add args [ 'inherits@~2.0.1', null ]
418 verbose cache add spec inherits@~2.0.1
419 silly cache add parsed spec { raw: 'inherits@~2.0.1',
419 silly cache add   scope: null,
419 silly cache add   name: 'inherits',
419 silly cache add   rawSpec: '~2.0.1',
419 silly cache add   spec: '>=2.0.1 <2.1.0',
419 silly cache add   type: 'range' }
420 silly addNamed inherits@>=2.0.1 <2.1.0
421 verbose addNamed ">=2.0.1 <2.1.0" is a valid semver range for inherits
422 silly addNameRange { name: 'inherits', range: '>=2.0.1 <2.1.0', hasData: false }
423 silly mapToRegistry name inherits
424 silly mapToRegistry using default registry
425 silly mapToRegistry registry https://registry.npmjs.org/
426 silly mapToRegistry uri https://registry.npmjs.org/inherits
427 verbose addNameRange registry:https://registry.npmjs.org/inherits not in flight; fetching
428 verbose request uri https://registry.npmjs.org/isarray
429 verbose request no auth needed
430 info attempt registry request try #1 at 9:58:25 AM
431 verbose etag "79XQA3ZXVF5QN0X2VYCD81HMN"
432 http request GET https://registry.npmjs.org/isarray
433 verbose request uri https://registry.npmjs.org/core-util-is
434 verbose request no auth needed
435 info attempt registry request try #1 at 9:58:25 AM
436 verbose etag "8N932ER6J79FE9PNV7H41QYLJ"
437 http request GET https://registry.npmjs.org/core-util-is
438 verbose request uri https://registry.npmjs.org/inherits
439 verbose request no auth needed
440 info attempt registry request try #1 at 9:58:25 AM
441 verbose etag "E6JT3DPDFE7U9Q65FC968N4IQ"
442 http request GET https://registry.npmjs.org/inherits
443 verbose request uri https://registry.npmjs.org/string_decoder
444 verbose request no auth needed
445 info attempt registry request try #1 at 9:58:25 AM
446 verbose etag "89NG6AVWTXZBFGLGXXUONULF1"
447 http request GET https://registry.npmjs.org/string_decoder
448 http 304 https://registry.npmjs.org/isarray
449 silly get cb [ 304,
449 silly get   { date: 'Thu, 13 Aug 2015 07:58:25 GMT',
449 silly get     via: '1.1 varnish',
449 silly get     'cache-control': 'max-age=60',
449 silly get     etag: '"79XQA3ZXVF5QN0X2VYCD81HMN"',
449 silly get     age: '46',
449 silly get     connection: 'keep-alive',
449 silly get     'x-served-by': 'cache-fra1238-FRA',
449 silly get     'x-cache': 'HIT',
449 silly get     'x-cache-hits': '10',
449 silly get     'x-timer': 'S1439452705.402777,VS0,VE0',
449 silly get     vary: 'Accept' } ]
450 verbose etag https://registry.npmjs.org/isarray from cache
451 verbose get saving isarray to /Users/jamespants/.npm/registry.npmjs.org/isarray/.cache.json
452 silly cache afterAdd isarray@0.0.1
453 verbose afterAdd /Users/jamespants/.npm/isarray/0.0.1/package/package.json not in flight; writing
454 verbose afterAdd /Users/jamespants/.npm/isarray/0.0.1/package/package.json written
455 http 304 https://registry.npmjs.org/core-util-is
456 silly get cb [ 304,
456 silly get   { date: 'Thu, 13 Aug 2015 07:58:25 GMT',
456 silly get     via: '1.1 varnish',
456 silly get     'cache-control': 'max-age=60',
456 silly get     etag: '"8N932ER6J79FE9PNV7H41QYLJ"',
456 silly get     age: '51',
456 silly get     connection: 'keep-alive',
456 silly get     'x-served-by': 'cache-fra1241-FRA',
456 silly get     'x-cache': 'HIT',
456 silly get     'x-cache-hits': '13',
456 silly get     'x-timer': 'S1439452705.417800,VS0,VE0',
456 silly get     vary: 'Accept' } ]
457 verbose etag https://registry.npmjs.org/core-util-is from cache
458 verbose get saving core-util-is to /Users/jamespants/.npm/registry.npmjs.org/core-util-is/.cache.json
459 http 304 https://registry.npmjs.org/string_decoder
460 silly get cb [ 304,
460 silly get   { date: 'Thu, 13 Aug 2015 07:58:25 GMT',
460 silly get     via: '1.1 varnish',
460 silly get     'cache-control': 'max-age=60',
460 silly get     etag: '"89NG6AVWTXZBFGLGXXUONULF1"',
460 silly get     age: '5',
460 silly get     connection: 'keep-alive',
460 silly get     'x-served-by': 'cache-fra1238-FRA',
460 silly get     'x-cache': 'HIT',
460 silly get     'x-cache-hits': '1',
460 silly get     'x-timer': 'S1439452705.416836,VS0,VE0',
460 silly get     vary: 'Accept' } ]
461 verbose etag https://registry.npmjs.org/string_decoder from cache
462 verbose get saving string_decoder to /Users/jamespants/.npm/registry.npmjs.org/string_decoder/.cache.json
463 silly addNameRange number 2 { name: 'string_decoder',
463 silly addNameRange   range: '>=0.10.0 <0.11.0',
463 silly addNameRange   hasData: true }
464 silly addNameRange versions [ 'string_decoder',
464 silly addNameRange   [ '0.0.0',
464 silly addNameRange     '0.0.1',
464 silly addNameRange     '0.10.24',
464 silly addNameRange     '0.11.10',
464 silly addNameRange     '0.10.25',
464 silly addNameRange     '0.11.10-1',
464 silly addNameRange     '0.10.25-1',
464 silly addNameRange     '0.10.31' ] ]
465 silly addNamed string_decoder@0.10.31
466 verbose addNamed "0.10.31" is a plain semver version for string_decoder
467 silly addNameRange number 2 { name: 'core-util-is', range: '>=1.0.0 <1.1.0', hasData: true }
468 silly addNameRange versions [ 'core-util-is', [ '1.0.0', '1.0.1' ] ]
469 silly addNamed core-util-is@1.0.1
470 verbose addNamed "1.0.1" is a plain semver version for core-util-is
471 silly cache afterAdd string_decoder@0.10.31
472 verbose afterAdd /Users/jamespants/.npm/string_decoder/0.10.31/package/package.json not in flight; writing
473 silly cache afterAdd core-util-is@1.0.1
474 verbose afterAdd /Users/jamespants/.npm/core-util-is/1.0.1/package/package.json not in flight; writing
475 http 304 https://registry.npmjs.org/inherits
476 silly get cb [ 304,
476 silly get   { date: 'Thu, 13 Aug 2015 07:58:25 GMT',
476 silly get     via: '1.1 varnish',
476 silly get     'cache-control': 'max-age=60',
476 silly get     etag: '"E6JT3DPDFE7U9Q65FC968N4IQ"',
476 silly get     age: '37',
476 silly get     connection: 'keep-alive',
476 silly get     'x-served-by': 'cache-fra1226-FRA',
476 silly get     'x-cache': 'HIT',
476 silly get     'x-cache-hits': '8',
476 silly get     'x-timer': 'S1439452705.430320,VS0,VE0',
476 silly get     vary: 'Accept' } ]
477 verbose etag https://registry.npmjs.org/inherits from cache
478 verbose get saving inherits to /Users/jamespants/.npm/registry.npmjs.org/inherits/.cache.json
479 verbose afterAdd /Users/jamespants/.npm/string_decoder/0.10.31/package/package.json written
480 verbose afterAdd /Users/jamespants/.npm/core-util-is/1.0.1/package/package.json written
481 silly addNameRange number 2 { name: 'inherits', range: '>=2.0.1 <2.1.0', hasData: true }
482 silly addNameRange versions [ 'inherits', [ '1.0.0', '2.0.0', '2.0.1' ] ]
483 silly addNamed inherits@2.0.1
484 verbose addNamed "2.0.1" is a plain semver version for inherits
485 silly cache afterAdd inherits@2.0.1
486 verbose afterAdd /Users/jamespants/.npm/inherits/2.0.1/package/package.json not in flight; writing
487 verbose afterAdd /Users/jamespants/.npm/inherits/2.0.1/package/package.json written
488 silly install resolved [ { name: 'isarray',
488 silly install resolved     description: 'Array#isArray for older browsers',
488 silly install resolved     version: '0.0.1',
488 silly install resolved     repository:
488 silly install resolved      { type: 'git',
488 silly install resolved        url: 'git://github.com/juliangruber/isarray.git' },
488 silly install resolved     homepage: 'https://github.com/juliangruber/isarray',
488 silly install resolved     main: 'index.js',
488 silly install resolved     scripts: { test: 'tap test/*.js' },
488 silly install resolved     dependencies: {},
488 silly install resolved     devDependencies: { tap: '*' },
488 silly install resolved     keywords: [ 'browser', 'isarray', 'array' ],
488 silly install resolved     author:
488 silly install resolved      { name: 'Julian Gruber',
488 silly install resolved        email: 'mail@juliangruber.com',
488 silly install resolved        url: 'http://juliangruber.com' },
488 silly install resolved     license: 'MIT',
488 silly install resolved     _id: 'isarray@0.0.1',
488 silly install resolved     dist:
488 silly install resolved      { shasum: '8a18acfca9a8f4177e09abfc6038939b05d1eedf',
488 silly install resolved        tarball: 'http://registry.npmjs.org/isarray/-/isarray-0.0.1.tgz' },
488 silly install resolved     _from: 'isarray@0.0.1',
488 silly install resolved     _npmVersion: '1.2.18',
488 silly install resolved     _npmUser: { name: 'juliangruber', email: 'julian@juliangruber.com' },
488 silly install resolved     maintainers: [ [Object] ],
488 silly install resolved     directories: {},
488 silly install resolved     _shasum: '8a18acfca9a8f4177e09abfc6038939b05d1eedf',
488 silly install resolved     _resolved: 'https://registry.npmjs.org/isarray/-/isarray-0.0.1.tgz',
488 silly install resolved     bugs: { url: 'https://github.com/juliangruber/isarray/issues' },
488 silly install resolved     readme: 'ERROR: No README data found!' },
488 silly install resolved   { name: 'string_decoder',
488 silly install resolved     version: '0.10.31',
488 silly install resolved     description: 'The string_decoder module from Node core',
488 silly install resolved     main: 'index.js',
488 silly install resolved     dependencies: {},
488 silly install resolved     devDependencies: { tap: '~0.4.8' },
488 silly install resolved     scripts: { test: 'tap test/simple/*.js' },
488 silly install resolved     repository:
488 silly install resolved      { type: 'git',
488 silly install resolved        url: 'git://github.com/rvagg/string_decoder.git' },
488 silly install resolved     homepage: 'https://github.com/rvagg/string_decoder',
488 silly install resolved     keywords: [ 'string', 'decoder', 'browser', 'browserify' ],
488 silly install resolved     license: 'MIT',
488 silly install resolved     gitHead: 'd46d4fd87cf1d06e031c23f1ba170ca7d4ade9a0',
488 silly install resolved     bugs: { url: 'https://github.com/rvagg/string_decoder/issues' },
488 silly install resolved     _id: 'string_decoder@0.10.31',
488 silly install resolved     _shasum: '62e203bc41766c6c28c9fc84301dab1c5310fa94',
488 silly install resolved     _from: 'string_decoder@>=0.10.0 <0.11.0',
488 silly install resolved     _npmVersion: '1.4.23',
488 silly install resolved     _npmUser: { name: 'rvagg', email: 'rod@vagg.org' },
488 silly install resolved     maintainers: [ [Object], [Object] ],
488 silly install resolved     dist:
488 silly install resolved      { shasum: '62e203bc41766c6c28c9fc84301dab1c5310fa94',
488 silly install resolved        tarball: 'http://registry.npmjs.org/string_decoder/-/string_decoder-0.10.31.tgz' },
488 silly install resolved     directories: {},
488 silly install resolved     _resolved: 'https://registry.npmjs.org/string_decoder/-/string_decoder-0.10.31.tgz',
488 silly install resolved     readme: 'ERROR: No README data found!' },
488 silly install resolved   { name: 'core-util-is',
488 silly install resolved     version: '1.0.1',
488 silly install resolved     description: 'The `util.is*` functions introduced in Node v0.12.',
488 silly install resolved     main: 'lib/util.js',
488 silly install resolved     repository: { type: 'git', url: 'git://github.com/isaacs/core-util-is.git' },
488 silly install resolved     keywords:
488 silly install resolved      [ 'util',
488 silly install resolved        'isBuffer',
488 silly install resolved        'isArray',
488 silly install resolved        'isNumber',
488 silly install resolved        'isString',
488 silly install resolved        'isRegExp',
488 silly install resolved        'isThis',
488 silly install resolved        'isThat',
488 silly install resolved        'polyfill' ],
488 silly install resolved     author:
488 silly install resolved      { name: 'Isaac Z. Schlueter',
488 silly install resolved        email: 'i@izs.me',
488 silly install resolved        url: 'http://blog.izs.me/' },
488 silly install resolved     license: 'MIT',
488 silly install resolved     bugs: { url: 'https://github.com/isaacs/core-util-is/issues' },
488 silly install resolved     readme: '# core-util-is\n\nThe `util.is*` functions introduced in Node v0.12.\n',
488 silly install resolved     readmeFilename: 'README.md',
488 silly install resolved     homepage: 'https://github.com/isaacs/core-util-is',
488 silly install resolved     _id: 'core-util-is@1.0.1',
488 silly install resolved     dist:
488 silly install resolved      { shasum: '6b07085aef9a3ccac6ee53bf9d3df0c1521a5538',
488 silly install resolved        tarball: 'http://registry.npmjs.org/core-util-is/-/core-util-is-1.0.1.tgz' },
488 silly install resolved     _from: 'core-util-is@>=1.0.0 <1.1.0',
488 silly install resolved     _npmVersion: '1.3.23',
488 silly install resolved     _npmUser: { name: 'isaacs', email: 'i@izs.me' },
488 silly install resolved     maintainers: [ [Object] ],
488 silly install resolved     directories: {},
488 silly install resolved     _shasum: '6b07085aef9a3ccac6ee53bf9d3df0c1521a5538',
488 silly install resolved     _resolved: 'https://registry.npmjs.org/core-util-is/-/core-util-is-1.0.1.tgz' },
488 silly install resolved   { name: 'inherits',
488 silly install resolved     description: 'Browser-friendly inheritance fully compatible with standard node.js inherits()',
488 silly install resolved     version: '2.0.1',
488 silly install resolved     keywords:
488 silly install resolved      [ 'inheritance',
488 silly install resolved        'class',
488 silly install resolved        'klass',
488 silly install resolved        'oop',
488 silly install resolved        'object-oriented',
488 silly install resolved        'inherits',
488 silly install resolved        'browser',
488 silly install resolved        'browserify' ],
488 silly install resolved     main: './inherits.js',
488 silly install resolved     browser: './inherits_browser.js',
488 silly install resolved     repository: { type: 'git', url: 'git://github.com/isaacs/inherits.git' },
488 silly install resolved     license: 'ISC',
488 silly install resolved     scripts: { test: 'node test' },
488 silly install resolved     bugs: { url: 'https://github.com/isaacs/inherits/issues' },
488 silly install resolved     _id: 'inherits@2.0.1',
488 silly install resolved     dist:
488 silly install resolved      { shasum: 'b17d08d326b4423e568eff719f91b0b1cbdf69f1',
488 silly install resolved        tarball: 'http://registry.npmjs.org/inherits/-/inherits-2.0.1.tgz' },
488 silly install resolved     _from: 'inherits@>=2.0.1 <2.1.0',
488 silly install resolved     _npmVersion: '1.3.8',
488 silly install resolved     _npmUser: { name: 'isaacs', email: 'i@izs.me' },
488 silly install resolved     maintainers: [ [Object] ],
488 silly install resolved     directories: {},
488 silly install resolved     _shasum: 'b17d08d326b4423e568eff719f91b0b1cbdf69f1',
488 silly install resolved     _resolved: 'https://registry.npmjs.org/inherits/-/inherits-2.0.1.tgz',
488 silly install resolved     readme: 'ERROR: No README data found!',
488 silly install resolved     homepage: 'https://github.com/isaacs/inherits#readme' } ]
489 info install isarray@0.0.1 into /Applications/MAMP/htdocs/Demos/freestyle/node_modules/gulp-watchify/node_modules/through2/node_modules/readable-stream
490 info install string_decoder@0.10.31 into /Applications/MAMP/htdocs/Demos/freestyle/node_modules/gulp-watchify/node_modules/through2/node_modules/readable-stream
491 info install core-util-is@1.0.1 into /Applications/MAMP/htdocs/Demos/freestyle/node_modules/gulp-watchify/node_modules/through2/node_modules/readable-stream
492 info install inherits@2.0.1 into /Applications/MAMP/htdocs/Demos/freestyle/node_modules/gulp-watchify/node_modules/through2/node_modules/readable-stream
493 info installOne isarray@0.0.1
494 verbose installOne of isarray to /Applications/MAMP/htdocs/Demos/freestyle/node_modules/gulp-watchify/node_modules/through2/node_modules/readable-stream not in flight; installing
495 info installOne string_decoder@0.10.31
496 verbose installOne of string_decoder to /Applications/MAMP/htdocs/Demos/freestyle/node_modules/gulp-watchify/node_modules/through2/node_modules/readable-stream not in flight; installing
497 info installOne core-util-is@1.0.1
498 verbose installOne of core-util-is to /Applications/MAMP/htdocs/Demos/freestyle/node_modules/gulp-watchify/node_modules/through2/node_modules/readable-stream not in flight; installing
499 info installOne inherits@2.0.1
500 verbose installOne of inherits to /Applications/MAMP/htdocs/Demos/freestyle/node_modules/gulp-watchify/node_modules/through2/node_modules/readable-stream not in flight; installing
501 verbose lock using /Users/jamespants/.npm/_locks/isarray-d13a8c135f5fc0d9.lock for /Applications/MAMP/htdocs/Demos/freestyle/node_modules/gulp-watchify/node_modules/through2/node_modules/readable-stream/node_modules/isarray
502 silly install write writing isarray 0.0.1 to /Applications/MAMP/htdocs/Demos/freestyle/node_modules/gulp-watchify/node_modules/through2/node_modules/readable-stream/node_modules/isarray
503 verbose lock using /Users/jamespants/.npm/_locks/core-util-is-893c0441018fc764.lock for /Applications/MAMP/htdocs/Demos/freestyle/node_modules/gulp-watchify/node_modules/through2/node_modules/readable-stream/node_modules/core-util-is
504 verbose lock using /Users/jamespants/.npm/_locks/string-decoder-d182867521adaa90.lock for /Applications/MAMP/htdocs/Demos/freestyle/node_modules/gulp-watchify/node_modules/through2/node_modules/readable-stream/node_modules/string_decoder
505 silly install write writing core-util-is 1.0.1 to /Applications/MAMP/htdocs/Demos/freestyle/node_modules/gulp-watchify/node_modules/through2/node_modules/readable-stream/node_modules/core-util-is
506 silly install write writing string_decoder 0.10.31 to /Applications/MAMP/htdocs/Demos/freestyle/node_modules/gulp-watchify/node_modules/through2/node_modules/readable-stream/node_modules/string_decoder
507 verbose lock using /Users/jamespants/.npm/_locks/inherits-aaf69394236020cf.lock for /Applications/MAMP/htdocs/Demos/freestyle/node_modules/gulp-watchify/node_modules/through2/node_modules/readable-stream/node_modules/inherits
508 silly install write writing inherits 2.0.1 to /Applications/MAMP/htdocs/Demos/freestyle/node_modules/gulp-watchify/node_modules/through2/node_modules/readable-stream/node_modules/inherits
509 verbose unbuild node_modules/gulp-watchify/node_modules/through2/node_modules/readable-stream/node_modules/isarray
510 verbose unbuild node_modules/gulp-watchify/node_modules/through2/node_modules/readable-stream/node_modules/core-util-is
511 verbose unbuild node_modules/gulp-watchify/node_modules/through2/node_modules/readable-stream/node_modules/string_decoder
512 silly gentlyRm /Applications/MAMP/htdocs/Demos/freestyle/node_modules/gulp-watchify/node_modules/through2/node_modules/readable-stream/node_modules/isarray is being purged from base /Applications/MAMP/htdocs/Demos/freestyle
513 verbose gentlyRm don't care about contents; nuking /Applications/MAMP/htdocs/Demos/freestyle/node_modules/gulp-watchify/node_modules/through2/node_modules/readable-stream/node_modules/isarray
514 verbose unbuild node_modules/gulp-watchify/node_modules/through2/node_modules/readable-stream/node_modules/inherits
515 verbose tar unpack /Users/jamespants/.npm/isarray/0.0.1/package.tgz
516 verbose tar unpacking to /Applications/MAMP/htdocs/Demos/freestyle/node_modules/gulp-watchify/node_modules/through2/node_modules/readable-stream/node_modules/isarray
517 silly gentlyRm /Applications/MAMP/htdocs/Demos/freestyle/node_modules/gulp-watchify/node_modules/through2/node_modules/readable-stream/node_modules/isarray is being purged
518 verbose gentlyRm don't care about contents; nuking /Applications/MAMP/htdocs/Demos/freestyle/node_modules/gulp-watchify/node_modules/through2/node_modules/readable-stream/node_modules/isarray
519 silly gentlyRm /Applications/MAMP/htdocs/Demos/freestyle/node_modules/gulp-watchify/node_modules/through2/node_modules/readable-stream/node_modules/core-util-is is being purged from base /Applications/MAMP/htdocs/Demos/freestyle
520 verbose gentlyRm don't care about contents; nuking /Applications/MAMP/htdocs/Demos/freestyle/node_modules/gulp-watchify/node_modules/through2/node_modules/readable-stream/node_modules/core-util-is
521 silly gentlyRm /Applications/MAMP/htdocs/Demos/freestyle/node_modules/gulp-watchify/node_modules/through2/node_modules/readable-stream/node_modules/string_decoder is being purged from base /Applications/MAMP/htdocs/Demos/freestyle
522 verbose gentlyRm don't care about contents; nuking /Applications/MAMP/htdocs/Demos/freestyle/node_modules/gulp-watchify/node_modules/through2/node_modules/readable-stream/node_modules/string_decoder
523 silly gunzTarPerm modes [ '755', '644' ]
524 verbose tar unpack /Users/jamespants/.npm/core-util-is/1.0.1/package.tgz
525 verbose tar unpacking to /Applications/MAMP/htdocs/Demos/freestyle/node_modules/gulp-watchify/node_modules/through2/node_modules/readable-stream/node_modules/core-util-is
526 silly gentlyRm /Applications/MAMP/htdocs/Demos/freestyle/node_modules/gulp-watchify/node_modules/through2/node_modules/readable-stream/node_modules/core-util-is is being purged
527 verbose gentlyRm don't care about contents; nuking /Applications/MAMP/htdocs/Demos/freestyle/node_modules/gulp-watchify/node_modules/through2/node_modules/readable-stream/node_modules/core-util-is
528 verbose tar unpack /Users/jamespants/.npm/string_decoder/0.10.31/package.tgz
529 verbose tar unpacking to /Applications/MAMP/htdocs/Demos/freestyle/node_modules/gulp-watchify/node_modules/through2/node_modules/readable-stream/node_modules/string_decoder
530 silly gentlyRm /Applications/MAMP/htdocs/Demos/freestyle/node_modules/gulp-watchify/node_modules/through2/node_modules/readable-stream/node_modules/string_decoder is being purged
531 verbose gentlyRm don't care about contents; nuking /Applications/MAMP/htdocs/Demos/freestyle/node_modules/gulp-watchify/node_modules/through2/node_modules/readable-stream/node_modules/string_decoder
532 silly gentlyRm /Applications/MAMP/htdocs/Demos/freestyle/node_modules/gulp-watchify/node_modules/through2/node_modules/readable-stream/node_modules/inherits is being purged from base /Applications/MAMP/htdocs/Demos/freestyle
533 verbose gentlyRm don't care about contents; nuking /Applications/MAMP/htdocs/Demos/freestyle/node_modules/gulp-watchify/node_modules/through2/node_modules/readable-stream/node_modules/inherits
534 silly gunzTarPerm modes [ '755', '644' ]
535 silly gunzTarPerm modes [ '755', '644' ]
536 verbose tar unpack /Users/jamespants/.npm/inherits/2.0.1/package.tgz
537 verbose tar unpacking to /Applications/MAMP/htdocs/Demos/freestyle/node_modules/gulp-watchify/node_modules/through2/node_modules/readable-stream/node_modules/inherits
538 silly gentlyRm /Applications/MAMP/htdocs/Demos/freestyle/node_modules/gulp-watchify/node_modules/through2/node_modules/readable-stream/node_modules/inherits is being purged
539 verbose gentlyRm don't care about contents; nuking /Applications/MAMP/htdocs/Demos/freestyle/node_modules/gulp-watchify/node_modules/through2/node_modules/readable-stream/node_modules/inherits
540 silly gunzTarPerm modes [ '755', '644' ]
541 silly gunzTarPerm extractEntry package.json
542 silly gunzTarPerm extractEntry package.json
543 silly gunzTarPerm extractEntry package.json
544 silly gunzTarPerm modified mode [ 'package.json', 436, 420 ]
545 silly gunzTarPerm extractEntry package.json
546 silly gunzTarPerm extractEntry README.md
547 silly gunzTarPerm extractEntry index.js
548 silly gunzTarPerm extractEntry README.md
549 silly gunzTarPerm extractEntry util.js
550 silly gunzTarPerm extractEntry README.md
551 silly gunzTarPerm extractEntry LICENSE
552 silly gunzTarPerm extractEntry .npmignore
553 silly gunzTarPerm modified mode [ '.npmignore', 436, 420 ]
554 silly gunzTarPerm extractEntry README.md
555 silly gunzTarPerm modified mode [ 'README.md', 436, 420 ]
556 silly gunzTarPerm extractEntry build/build.js
557 silly gunzTarPerm extractEntry component.json
558 silly gunzTarPerm extractEntry inherits.js
559 silly gunzTarPerm extractEntry inherits_browser.js
560 silly gunzTarPerm extractEntry float.patch
561 silly gunzTarPerm extractEntry lib/util.js
562 silly gunzTarPerm extractEntry LICENSE
563 silly gunzTarPerm modified mode [ 'LICENSE', 436, 420 ]
564 silly gunzTarPerm extractEntry index.js
565 silly gunzTarPerm modified mode [ 'index.js', 436, 420 ]
566 silly gunzTarPerm extractEntry test.js
567 verbose write writing to /Applications/MAMP/htdocs/Demos/freestyle/node_modules/gulp-watchify/node_modules/through2/node_modules/readable-stream/node_modules/isarray/package.json
568 verbose write writing to /Applications/MAMP/htdocs/Demos/freestyle/node_modules/gulp-watchify/node_modules/through2/node_modules/readable-stream/node_modules/string_decoder/package.json
569 info preinstall isarray@0.0.1
570 verbose write writing to /Applications/MAMP/htdocs/Demos/freestyle/node_modules/gulp-watchify/node_modules/through2/node_modules/readable-stream/node_modules/inherits/package.json
571 verbose readDependencies loading dependencies from /Applications/MAMP/htdocs/Demos/freestyle/node_modules/gulp-watchify/node_modules/through2/node_modules/readable-stream/node_modules/isarray/package.json
572 info preinstall string_decoder@0.10.31
573 info preinstall inherits@2.0.1
574 verbose readDependencies loading dependencies from /Applications/MAMP/htdocs/Demos/freestyle/node_modules/gulp-watchify/node_modules/through2/node_modules/readable-stream/node_modules/isarray/package.json
575 verbose readDependencies loading dependencies from /Applications/MAMP/htdocs/Demos/freestyle/node_modules/gulp-watchify/node_modules/through2/node_modules/readable-stream/node_modules/string_decoder/package.json
576 verbose readDependencies loading dependencies from /Applications/MAMP/htdocs/Demos/freestyle/node_modules/gulp-watchify/node_modules/through2/node_modules/readable-stream/node_modules/inherits/package.json
577 silly install resolved []
578 verbose about to build /Applications/MAMP/htdocs/Demos/freestyle/node_modules/gulp-watchify/node_modules/through2/node_modules/readable-stream/node_modules/isarray
579 info build /Applications/MAMP/htdocs/Demos/freestyle/node_modules/gulp-watchify/node_modules/through2/node_modules/readable-stream/node_modules/isarray
580 verbose readDependencies loading dependencies from /Applications/MAMP/htdocs/Demos/freestyle/node_modules/gulp-watchify/node_modules/through2/node_modules/readable-stream/node_modules/string_decoder/package.json
581 verbose readDependencies loading dependencies from /Applications/MAMP/htdocs/Demos/freestyle/node_modules/gulp-watchify/node_modules/through2/node_modules/readable-stream/node_modules/inherits/package.json
582 info linkStuff isarray@0.0.1
583 silly linkStuff isarray@0.0.1 has /Applications/MAMP/htdocs/Demos/freestyle/node_modules/gulp-watchify/node_modules/through2/node_modules/readable-stream/node_modules as its parent node_modules
584 silly install resolved []
585 verbose about to build /Applications/MAMP/htdocs/Demos/freestyle/node_modules/gulp-watchify/node_modules/through2/node_modules/readable-stream/node_modules/string_decoder
586 info build /Applications/MAMP/htdocs/Demos/freestyle/node_modules/gulp-watchify/node_modules/through2/node_modules/readable-stream/node_modules/string_decoder
587 silly install resolved []
588 verbose about to build /Applications/MAMP/htdocs/Demos/freestyle/node_modules/gulp-watchify/node_modules/through2/node_modules/readable-stream/node_modules/inherits
589 info build /Applications/MAMP/htdocs/Demos/freestyle/node_modules/gulp-watchify/node_modules/through2/node_modules/readable-stream/node_modules/inherits
590 verbose linkBins isarray@0.0.1
591 verbose linkMans isarray@0.0.1
592 verbose rebuildBundles isarray@0.0.1
593 info install isarray@0.0.1
594 info linkStuff string_decoder@0.10.31
595 silly linkStuff string_decoder@0.10.31 has /Applications/MAMP/htdocs/Demos/freestyle/node_modules/gulp-watchify/node_modules/through2/node_modules/readable-stream/node_modules as its parent node_modules
596 info linkStuff inherits@2.0.1
597 silly linkStuff inherits@2.0.1 has /Applications/MAMP/htdocs/Demos/freestyle/node_modules/gulp-watchify/node_modules/through2/node_modules/readable-stream/node_modules as its parent node_modules
598 verbose write writing to /Applications/MAMP/htdocs/Demos/freestyle/node_modules/gulp-watchify/node_modules/through2/node_modules/readable-stream/node_modules/core-util-is/package.json
599 info postinstall isarray@0.0.1
600 verbose unlock done using /Users/jamespants/.npm/_locks/isarray-d13a8c135f5fc0d9.lock for /Applications/MAMP/htdocs/Demos/freestyle/node_modules/gulp-watchify/node_modules/through2/node_modules/readable-stream/node_modules/isarray
601 verbose linkBins string_decoder@0.10.31
602 verbose linkMans string_decoder@0.10.31
603 verbose rebuildBundles string_decoder@0.10.31
604 verbose linkBins inherits@2.0.1
605 verbose linkMans inherits@2.0.1
606 verbose rebuildBundles inherits@2.0.1
607 info install string_decoder@0.10.31
608 info preinstall core-util-is@1.0.1
609 info install inherits@2.0.1
610 info postinstall string_decoder@0.10.31
611 verbose readDependencies loading dependencies from /Applications/MAMP/htdocs/Demos/freestyle/node_modules/gulp-watchify/node_modules/through2/node_modules/readable-stream/node_modules/core-util-is/package.json
612 info postinstall inherits@2.0.1
613 verbose unlock done using /Users/jamespants/.npm/_locks/string-decoder-d182867521adaa90.lock for /Applications/MAMP/htdocs/Demos/freestyle/node_modules/gulp-watchify/node_modules/through2/node_modules/readable-stream/node_modules/string_decoder
614 verbose unlock done using /Users/jamespants/.npm/_locks/inherits-aaf69394236020cf.lock for /Applications/MAMP/htdocs/Demos/freestyle/node_modules/gulp-watchify/node_modules/through2/node_modules/readable-stream/node_modules/inherits
615 verbose readDependencies loading dependencies from /Applications/MAMP/htdocs/Demos/freestyle/node_modules/gulp-watchify/node_modules/through2/node_modules/readable-stream/node_modules/core-util-is/package.json
616 silly install resolved []
617 verbose about to build /Applications/MAMP/htdocs/Demos/freestyle/node_modules/gulp-watchify/node_modules/through2/node_modules/readable-stream/node_modules/core-util-is
618 info build /Applications/MAMP/htdocs/Demos/freestyle/node_modules/gulp-watchify/node_modules/through2/node_modules/readable-stream/node_modules/core-util-is
619 info linkStuff core-util-is@1.0.1
620 silly linkStuff core-util-is@1.0.1 has /Applications/MAMP/htdocs/Demos/freestyle/node_modules/gulp-watchify/node_modules/through2/node_modules/readable-stream/node_modules as its parent node_modules
621 verbose linkBins core-util-is@1.0.1
622 verbose linkMans core-util-is@1.0.1
623 verbose rebuildBundles core-util-is@1.0.1
624 info install core-util-is@1.0.1
625 info postinstall core-util-is@1.0.1
626 verbose unlock done using /Users/jamespants/.npm/_locks/core-util-is-893c0441018fc764.lock for /Applications/MAMP/htdocs/Demos/freestyle/node_modules/gulp-watchify/node_modules/through2/node_modules/readable-stream/node_modules/core-util-is
627 verbose about to build /Applications/MAMP/htdocs/Demos/freestyle/node_modules/gulp-watchify/node_modules/through2/node_modules/readable-stream
628 info build /Applications/MAMP/htdocs/Demos/freestyle/node_modules/gulp-watchify/node_modules/through2/node_modules/readable-stream
629 info linkStuff readable-stream@1.0.33
630 silly linkStuff readable-stream@1.0.33 has /Applications/MAMP/htdocs/Demos/freestyle/node_modules/gulp-watchify/node_modules/through2/node_modules as its parent node_modules
631 verbose linkBins readable-stream@1.0.33
632 verbose linkMans readable-stream@1.0.33
633 verbose rebuildBundles readable-stream@1.0.33
634 verbose rebuildBundles [ 'core-util-is', 'inherits', 'isarray', 'string_decoder' ]
635 info install readable-stream@1.0.33
636 info postinstall readable-stream@1.0.33
637 verbose unlock done using /Users/jamespants/.npm/_locks/readable-stream-a7aff73d8f7d4afb.lock for /Applications/MAMP/htdocs/Demos/freestyle/node_modules/gulp-watchify/node_modules/through2/node_modules/readable-stream
638 verbose about to build /Applications/MAMP/htdocs/Demos/freestyle/node_modules/gulp-watchify/node_modules/through2
639 info build /Applications/MAMP/htdocs/Demos/freestyle/node_modules/gulp-watchify/node_modules/through2
640 info linkStuff through2@0.6.5
641 silly linkStuff through2@0.6.5 has /Applications/MAMP/htdocs/Demos/freestyle/node_modules/gulp-watchify/node_modules as its parent node_modules
642 verbose linkBins through2@0.6.5
643 verbose linkMans through2@0.6.5
644 verbose rebuildBundles through2@0.6.5
645 verbose rebuildBundles [ 'readable-stream', 'xtend' ]
646 info install through2@0.6.5
647 info postinstall through2@0.6.5
648 verbose unlock done using /Users/jamespants/.npm/_locks/through2-acd02e5bd0c6cb12.lock for /Applications/MAMP/htdocs/Demos/freestyle/node_modules/gulp-watchify/node_modules/through2
649 verbose about to build /Applications/MAMP/htdocs/Demos/freestyle/node_modules/gulp-watchify
650 info build /Applications/MAMP/htdocs/Demos/freestyle/node_modules/gulp-watchify
651 info linkStuff gulp-watchify@0.5.0
652 silly linkStuff gulp-watchify@0.5.0 has /Applications/MAMP/htdocs/Demos/freestyle/node_modules as its parent node_modules
653 verbose linkBins gulp-watchify@0.5.0
654 verbose linkMans gulp-watchify@0.5.0
655 verbose rebuildBundles gulp-watchify@0.5.0
656 verbose rebuildBundles [ 'deepmerge', 'through2' ]
657 info install gulp-watchify@0.5.0
658 info postinstall gulp-watchify@0.5.0
659 verbose readDependencies loading dependencies from /Applications/MAMP/htdocs/Demos/freestyle/package.json
660 verbose targetResolver reading package data from /Applications/MAMP/htdocs/Demos/freestyle/node_modules/autoprefixer-core/package.json
661 verbose targetResolver reading package data from /Applications/MAMP/htdocs/Demos/freestyle/node_modules/babelify/package.json
662 verbose targetResolver reading package data from /Applications/MAMP/htdocs/Demos/freestyle/node_modules/browser-sync/package.json
663 verbose targetResolver reading package data from /Applications/MAMP/htdocs/Demos/freestyle/node_modules/browserify/package.json
664 verbose targetResolver reading package data from /Applications/MAMP/htdocs/Demos/freestyle/node_modules/browserify-ngannotate/package.json
665 verbose targetResolver reading package data from /Applications/MAMP/htdocs/Demos/freestyle/node_modules/coffee-script/package.json
666 verbose targetResolver reading package data from /Applications/MAMP/htdocs/Demos/freestyle/node_modules/debowerify/package.json
667 verbose targetResolver reading package data from /Applications/MAMP/htdocs/Demos/freestyle/node_modules/del/package.json
668 verbose targetResolver reading package data from /Applications/MAMP/htdocs/Demos/freestyle/node_modules/express/package.json
669 verbose targetResolver reading package data from /Applications/MAMP/htdocs/Demos/freestyle/node_modules/gulp/package.json
670 verbose targetResolver reading package data from /Applications/MAMP/htdocs/Demos/freestyle/node_modules/gulp-autoprefixer/package.json
671 verbose targetResolver reading package data from /Applications/MAMP/htdocs/Demos/freestyle/node_modules/gulp-changed/package.json
672 verbose targetResolver reading package data from /Applications/MAMP/htdocs/Demos/freestyle/node_modules/gulp-coffeeify/package.json
673 verbose targetResolver reading package data from /Applications/MAMP/htdocs/Demos/freestyle/node_modules/gulp-coffeelint/package.json
674 verbose targetResolver reading package data from /Applications/MAMP/htdocs/Demos/freestyle/node_modules/gulp-concat/package.json
675 verbose targetResolver reading package data from /Applications/MAMP/htdocs/Demos/freestyle/node_modules/gulp-if/package.json
676 verbose targetResolver reading package data from /Applications/MAMP/htdocs/Demos/freestyle/node_modules/gulp-imagemin/package.json
677 verbose targetResolver reading package data from /Applications/MAMP/htdocs/Demos/freestyle/node_modules/gulp-jade/package.json
678 verbose targetResolver reading package data from /Applications/MAMP/htdocs/Demos/freestyle/node_modules/gulp-jshint/package.json
679 verbose targetResolver reading package data from /Applications/MAMP/htdocs/Demos/freestyle/node_modules/gulp-ng-annotate/package.json
680 verbose targetResolver reading package data from /Applications/MAMP/htdocs/Demos/freestyle/node_modules/gulp-notify/package.json
681 verbose targetResolver reading package data from /Applications/MAMP/htdocs/Demos/freestyle/node_modules/gulp-postcss/package.json
682 verbose targetResolver reading package data from /Applications/MAMP/htdocs/Demos/freestyle/node_modules/gulp-s3/package.json
683 verbose targetResolver reading package data from /Applications/MAMP/htdocs/Demos/freestyle/node_modules/gulp-sass/package.json
684 verbose targetResolver reading package data from /Applications/MAMP/htdocs/Demos/freestyle/node_modules/gulp-sourcemaps/package.json
685 verbose targetResolver reading package data from /Applications/MAMP/htdocs/Demos/freestyle/node_modules/gulp-streamify/package.json
686 verbose targetResolver reading package data from /Applications/MAMP/htdocs/Demos/freestyle/node_modules/gulp-uglify/package.json
687 verbose targetResolver reading package data from /Applications/MAMP/htdocs/Demos/freestyle/node_modules/gulp-util/package.json
688 verbose targetResolver reading package data from /Applications/MAMP/htdocs/Demos/freestyle/node_modules/gulp-watchify/package.json
689 verbose targetResolver reading package data from /Applications/MAMP/htdocs/Demos/freestyle/node_modules/http/package.json
690 verbose targetResolver reading package data from /Applications/MAMP/htdocs/Demos/freestyle/node_modules/jquery/package.json
691 verbose targetResolver reading package data from /Applications/MAMP/htdocs/Demos/freestyle/node_modules/morgan/package.json
692 verbose targetResolver reading package data from /Applications/MAMP/htdocs/Demos/freestyle/node_modules/node-bourbon/package.json
693 verbose targetResolver reading package data from /Applications/MAMP/htdocs/Demos/freestyle/node_modules/run-sequence/package.json
694 verbose targetResolver reading package data from /Applications/MAMP/htdocs/Demos/freestyle/node_modules/streamify/package.json
695 verbose targetResolver reading package data from /Applications/MAMP/htdocs/Demos/freestyle/node_modules/vinyl-buffer/package.json
696 verbose targetResolver reading package data from /Applications/MAMP/htdocs/Demos/freestyle/node_modules/vinyl-source-stream/package.json
697 verbose targetResolver reading package data from /Applications/MAMP/htdocs/Demos/freestyle/node_modules/vinyl-transform/package.json
698 verbose targetResolver reading package data from /Applications/MAMP/htdocs/Demos/freestyle/node_modules/watchify/package.json
699 verbose targetResolver reading package data from /Applications/MAMP/htdocs/Demos/freestyle/node_modules/.bin/browser-sync/package.json
700 verbose targetResolver reading package data from /Applications/MAMP/htdocs/Demos/freestyle/node_modules/.bin/browserify/package.json
701 verbose targetResolver reading package data from /Applications/MAMP/htdocs/Demos/freestyle/node_modules/.bin/cake/package.json
702 verbose targetResolver reading package data from /Applications/MAMP/htdocs/Demos/freestyle/node_modules/.bin/coffee/package.json
703 verbose targetResolver reading package data from /Applications/MAMP/htdocs/Demos/freestyle/node_modules/.bin/gulp/package.json
704 verbose targetResolver reading package data from /Applications/MAMP/htdocs/Demos/freestyle/node_modules/.bin/watchify/package.json
705 verbose already installed skipping browserify@^9.0.7 /Applications/MAMP/htdocs/Demos/freestyle
706 silly install resolved []
707 verbose unlock done using /Users/jamespants/.npm/_locks/gulp-watchify-a57fe4a86313c4c2.lock for /Applications/MAMP/htdocs/Demos/freestyle/node_modules/gulp-watchify
708 verbose validateInstall loading /Applications/MAMP/htdocs/Demos/freestyle/package.json for validation
709 verbose stack Error: The package browserify does not satisfy its siblings' peerDependencies requirements!
709 verbose stack     at /usr/local/lib/node_modules/npm/lib/install.js:125:32
709 verbose stack     at /usr/local/lib/node_modules/npm/lib/install.js:267:7
709 verbose stack     at /usr/local/lib/node_modules/npm/node_modules/read-installed/read-installed.js:138:5
709 verbose stack     at /usr/local/lib/node_modules/npm/node_modules/read-installed/read-installed.js:251:14
709 verbose stack     at cb (/usr/local/lib/node_modules/npm/node_modules/slide/lib/async-map.js:47:24)
709 verbose stack     at /usr/local/lib/node_modules/npm/node_modules/read-installed/read-installed.js:251:14
709 verbose stack     at cb (/usr/local/lib/node_modules/npm/node_modules/slide/lib/async-map.js:47:24)
709 verbose stack     at /usr/local/lib/node_modules/npm/node_modules/read-installed/read-installed.js:251:14
709 verbose stack     at cb (/usr/local/lib/node_modules/npm/node_modules/slide/lib/async-map.js:47:24)
709 verbose stack     at /usr/local/lib/node_modules/npm/node_modules/read-installed/read-installed.js:251:14
710 verbose cwd /Applications/MAMP/htdocs/Demos/freestyle
711 error Darwin 14.4.0
712 error argv "node" "/usr/local/bin/npm" "install" "--save-dev" "gulp-watchify"
713 error node v0.12.4
714 error npm  v2.11.1
715 error code EPEERINVALID
716 error peerinvalid The package browserify does not satisfy its siblings' peerDependencies requirements!
716 error peerinvalid Peer gulp-watchify@0.5.0 wants browserify@^9.0.7
717 verbose exit [ 1, true ]
